2020-09-01 08:38:59,255 - param initialize
2020-09-01 08:38:59,774 - server initialize
2020-09-01 08:38:59,794 - timer initialize
2020-09-01 08:38:59,802 - mysql initialize
2020-09-01 08:39:54,851 - a new connection from 192.168.183.1
2020-09-01 08:40:06,219 - receive a invalid msg:xe_line1_robot1:monitor
2020-09-01 08:41:56,783 - receive a invalid msg:xe_line1_robot1:monitor_stop
2020-09-01 08:49:18,221 - param initialize
2020-09-01 08:49:18,687 - server initialize
2020-09-01 08:49:18,698 - timer initialize
2020-09-01 08:49:18,702 - mysql initialize
2020-09-01 08:49:23,468 - a new connection from 192.168.183.1
2020-09-01 08:49:54,002 - param initialize
2020-09-01 08:49:54,465 - server initialize
2020-09-01 08:49:54,488 - timer initialize
2020-09-01 08:49:54,494 - mysql initialize
2020-09-01 08:50:03,626 - a new connection from 192.168.183.1
2020-09-01 10:29:54,512 - xe_line1_robot1 alter device state to offline!
2020-09-01 10:29:54,623 - check this connection time out,close this connection with 192.168.183.1
2020-09-01 16:22:15,863 - param initialize
2020-09-01 16:22:16,322 - server initialize
2020-09-01 16:22:16,350 - timer initialize
2020-09-01 16:22:16,351 - mysql initialize
2020-09-01 16:22:22,573 - a new connection from 192.168.183.1
2020-09-01 16:22:43,159 - receive a invalid msg:xe_line1_robot1:ota

2020-09-01 16:22:47,667 - receive a invalid msg:xe_line1_robot1:ota_check

2020-09-01 16:22:58,333 - receive a invalid msg:xe_line1_robot1:monitor_check

2020-09-01 16:23:09,695 - receive a invalid msg:xe_line1_robot1:monitor-check

2020-09-01 16:29:31,535 - param initialize
2020-09-01 16:29:32,044 - server initialize
2020-09-01 16:29:32,054 - timer initialize
2020-09-01 16:29:32,067 - mysql initialize
2020-09-01 16:29:37,767 - a new connection from 192.168.183.1
2020-09-01 16:29:40,993 - a new connection from 192.168.183.1
2020-09-01 16:37:14,462 - param initialize
2020-09-01 16:37:15,005 - server initialize
2020-09-01 16:37:15,014 - timer initialize
2020-09-01 16:37:15,015 - mysql initialize
2020-09-01 16:37:21,895 - a new connection from 192.168.183.1
2020-09-01 16:42:40,103 - param initialize
2020-09-01 16:42:40,778 - server initialize
2020-09-01 16:42:40,789 - timer initialize
2020-09-01 16:42:40,795 - mysql initialize
2020-09-01 16:42:51,988 - a new connection from 192.168.183.1
2020-09-01 16:43:45,518 - receive a invalid msg:xe_line1_robot1:monitor_pause
2020-09-01 16:48:23,526 - param initialize
2020-09-01 16:48:24,025 - server initialize
2020-09-01 16:48:24,035 - timer initialize
2020-09-01 16:48:24,042 - mysql initialize
2020-09-01 16:55:56,666 - param initialize
2020-09-01 16:55:57,213 - server initialize
2020-09-01 16:55:57,224 - timer initialize
2020-09-01 16:55:57,232 - mysql initialize
2020-09-01 16:56:04,287 - a new connection from 192.168.183.1
2020-09-01 16:59:52,858 - param initialize
2020-09-01 16:59:53,375 - server initialize
2020-09-01 16:59:53,384 - timer initialize
2020-09-01 16:59:53,385 - mysql initialize
2020-09-01 17:01:54,201 - param initialize
2020-09-01 17:01:54,734 - server initialize
2020-09-01 17:01:54,745 - timer initialize
2020-09-01 17:01:54,753 - mysql initialize
2020-09-01 17:01:59,189 - a new connection from 192.168.183.1
2020-09-01 17:02:22,731 - param initialize
2020-09-01 17:02:23,248 - server initialize
2020-09-01 17:02:23,257 - timer initialize
2020-09-01 17:02:23,268 - mysql initialize
2020-09-01 17:02:32,189 - a new connection from 192.168.183.1
2020-09-01 17:21:06,574 - param initialize
2020-09-01 17:21:07,147 - server initialize
2020-09-01 17:21:07,163 - timer initialize
2020-09-01 17:21:07,175 - mysql initialize
2020-09-01 17:21:14,287 - a new connection from 192.168.183.1
