2020-07-27 09:30:21,683 - param initialize
2020-07-27 09:30:21,719 - server initialize
2020-07-27 09:30:21,752 - timer initialize
2020-07-27 09:30:21,763 - mysql initialize
2020-07-27 09:32:51,469 - param initialize
2020-07-27 09:32:51,506 - server initialize
2020-07-27 09:32:51,508 - timer initialize
2020-07-27 09:32:51,510 - mysql initialize
2020-07-27 09:34:00,635 - param initialize
2020-07-27 09:34:00,671 - server initialize
2020-07-27 09:34:00,705 - timer initialize
2020-07-27 09:34:00,715 - mysql initialize
2020-07-27 09:35:43,916 - a new connection from 192.168.254.109
2020-07-27 09:35:43,920 - line3_robot2:check
2020-07-27 09:38:25,034 - param initialize
2020-07-27 09:38:25,079 - server initialize
2020-07-27 09:38:25,081 - timer initialize
2020-07-27 09:38:25,082 - mysql initialize
2020-07-27 09:38:25,428 - a new connection from 192.168.254.109
2020-07-27 09:38:25,430 - line3_robot2:check
2020-07-27 09:39:08,313 - param initialize
2020-07-27 09:39:08,353 - server initialize
2020-07-27 09:39:08,355 - timer initialize
2020-07-27 09:39:08,356 - mysql initialize
2020-07-27 09:39:08,675 - a new connection from 192.168.254.109
2020-07-27 09:39:08,805 - line3_robot2:check
2020-07-27 09:40:07,047 - param initialize
2020-07-27 09:40:07,086 - server initialize
2020-07-27 09:40:07,088 - timer initialize
2020-07-27 09:40:07,089 - mysql initialize
2020-07-27 09:40:07,397 - a new connection from 192.168.254.109
2020-07-27 09:40:07,399 - line3_robot2:check
2020-07-27 09:41:35,828 - param initialize
2020-07-27 09:41:35,869 - server initialize
2020-07-27 09:41:35,871 - timer initialize
2020-07-27 09:41:35,872 - mysql initialize
2020-07-27 09:41:36,241 - a new connection from 192.168.254.109
2020-07-27 09:41:36,244 - line3_robot2:check
2020-07-27 09:43:07,530 - param initialize
2020-07-27 09:43:07,569 - server initialize
2020-07-27 09:43:07,571 - timer initialize
2020-07-27 09:43:07,572 - mysql initialize
2020-07-27 09:43:07,831 - a new connection from 192.168.254.109
2020-07-27 09:43:07,833 - line3_robot2:check
2020-07-27 09:43:28,658 - param initialize
2020-07-27 09:43:28,697 - server initialize
2020-07-27 09:43:28,699 - timer initialize
2020-07-27 09:43:28,700 - mysql initialize
2020-07-27 09:43:29,079 - a new connection from 192.168.254.109
2020-07-27 09:43:29,082 - line3_robot2:check
2020-07-27 09:45:55,108 - param initialize
2020-07-27 09:45:55,147 - server initialize
2020-07-27 09:45:55,150 - timer initialize
2020-07-27 09:45:55,151 - mysql initialize
2020-07-27 09:45:55,421 - a new connection from 192.168.254.109
2020-07-27 09:45:55,554 - line3_robot2:check
2020-07-27 09:46:08,360 - param initialize
2020-07-27 09:46:08,399 - server initialize
2020-07-27 09:46:08,401 - timer initialize
2020-07-27 09:46:08,403 - mysql initialize
2020-07-27 09:46:08,784 - a new connection from 192.168.254.109
2020-07-27 09:46:08,786 - line3_robot2:check
2020-07-27 09:48:03,305 - param initialize
2020-07-27 09:48:03,344 - server initialize
2020-07-27 09:48:03,346 - timer initialize
2020-07-27 09:48:03,347 - mysql initialize
2020-07-27 09:48:03,691 - a new connection from 192.168.254.109
2020-07-27 09:48:03,692 - line3_robot2:check
2020-07-27 09:51:22,620 - param initialize
2020-07-27 09:51:22,658 - server initialize
2020-07-27 09:51:22,660 - timer initialize
2020-07-27 09:51:22,661 - mysql initialize
2020-07-27 09:51:22,942 - a new connection from 192.168.254.109
2020-07-27 09:51:22,944 - line3_robot2:checkline3_robot2:check
2020-07-27 09:51:22,946 - receivd a error msg:line3_robot2:checkline3_robot2:check
2020-07-27 09:51:27,131 - line3_robot2:check
2020-07-27 09:52:26,016 - param initialize
2020-07-27 09:52:26,054 - server initialize
2020-07-27 09:52:26,056 - timer initialize
2020-07-27 09:52:26,058 - mysql initialize
2020-07-27 09:52:26,569 - a new connection from 192.168.254.109
2020-07-27 09:52:26,572 - line3_robot2:check
2020-07-27 09:52:49,400 - param initialize
2020-07-27 09:52:49,439 - server initialize
2020-07-27 09:52:49,442 - timer initialize
2020-07-27 09:52:49,447 - mysql initialize
2020-07-27 09:52:49,843 - a new connection from 192.168.254.109
2020-07-27 09:52:49,846 - line3_robot2:check
2020-07-27 09:53:58,677 - param initialize
2020-07-27 09:53:58,715 - server initialize
2020-07-27 09:53:58,717 - timer initialize
2020-07-27 09:53:58,718 - mysql initialize
2020-07-27 09:53:58,970 - a new connection from 192.168.254.109
2020-07-27 09:53:58,976 - line3_robot2:check
2020-07-27 09:53:59,026 - line3_robot2 alter robot state to check
2020-07-27 09:54:01,204 - line3_robot2:check
2020-07-27 09:54:10,043 - line3_robot2:check
2020-07-27 09:54:10,046 - line3_robot2:check
2020-07-27 09:54:11,103 - line3_robot2:check
2020-07-27 09:54:14,414 - line3_robot2:check
2020-07-27 09:54:17,720 - line3_robot2:check
2020-07-27 09:54:21,074 - line3_robot2:check
2020-07-27 09:54:24,310 - line3_robot2:check
2020-07-27 09:54:27,611 - line3_robot2:check
2020-07-27 09:54:31,214 - line3_robot2:check
2020-07-27 09:54:50,608 - param initialize
2020-07-27 09:54:50,647 - server initialize
2020-07-27 09:54:50,649 - timer initialize
2020-07-27 09:54:50,650 - mysql initialize
2020-07-27 09:54:51,113 - a new connection from 192.168.254.109
2020-07-27 09:54:51,116 - line3_robot2:check
2020-07-27 09:54:51,135 - line3_robot2 alter robot state to check
2020-07-27 09:54:53,522 - line3_robot2:check
2020-07-27 09:55:56,808 - param initialize
2020-07-27 09:55:56,849 - server initialize
2020-07-27 09:55:56,851 - timer initialize
2020-07-27 09:55:56,852 - mysql initialize
2020-07-27 09:55:57,286 - a new connection from 192.168.254.109
2020-07-27 09:55:57,288 - line3_robot2:check
2020-07-27 09:55:57,306 - line3_robot2 alter robot state to check
2020-07-27 09:55:58,492 - line3_robot2:check
2020-07-27 09:56:02,096 - line3_robot2:check
2020-07-27 09:56:06,007 - line3_robot2:check
2020-07-27 09:56:09,652 - line3_robot2:check
2020-07-27 09:56:13,201 - line3_robot2:check
2020-07-27 09:56:16,507 - line3_robot2:check
2020-07-27 09:57:00,029 - param initialize
2020-07-27 09:57:00,068 - server initialize
2020-07-27 09:57:00,070 - timer initialize
2020-07-27 09:57:00,072 - mysql initialize
2020-07-27 09:57:00,346 - a new connection from 192.168.254.109
2020-07-27 09:57:00,481 - line3_robot2:check
2020-07-27 09:58:06,677 - param initialize
2020-07-27 09:58:06,716 - server initialize
2020-07-27 09:58:06,718 - timer initialize
2020-07-27 09:58:06,719 - mysql initialize
2020-07-27 09:58:06,951 - a new connection from 192.168.254.109
2020-07-27 09:58:07,122 - line3_robot2:check
2020-07-27 09:58:31,459 - param initialize
2020-07-27 09:58:31,497 - server initialize
2020-07-27 09:58:31,499 - timer initialize
2020-07-27 09:58:31,500 - mysql initialize
2020-07-27 09:58:31,731 - a new connection from 192.168.254.109
2020-07-27 09:58:31,733 - line3_robot2:check
2020-07-27 09:59:30,301 - param initialize
2020-07-27 09:59:30,335 - server initialize
2020-07-27 09:59:30,337 - timer initialize
2020-07-27 09:59:30,339 - mysql initialize
2020-07-27 09:59:30,786 - a new connection from 192.168.254.109
2020-07-27 09:59:30,788 - line3_robot2:check
2020-07-27 09:59:46,803 - param initialize
2020-07-27 09:59:46,840 - server initialize
2020-07-27 09:59:46,841 - timer initialize
2020-07-27 09:59:46,843 - mysql initialize
2020-07-27 09:59:47,008 - a new connection from 192.168.254.109
2020-07-27 09:59:47,126 - line3_robot2:checkline3_robot2:check
2020-07-27 09:59:47,129 - receivd a error msg:line3_robot2:checkline3_robot2:check
2020-07-27 09:59:50,978 - line3_robot2:check
2020-07-27 10:04:47,616 - param initialize
2020-07-27 10:04:47,651 - server initialize
2020-07-27 10:04:47,653 - timer initialize
2020-07-27 10:04:47,655 - mysql initialize
2020-07-27 10:04:47,848 - a new connection from 192.168.254.109
2020-07-27 10:04:47,850 - line3_robot2:check
2020-07-27 10:05:37,412 - param initialize
2020-07-27 10:05:37,452 - server initialize
2020-07-27 10:05:37,455 - timer initialize
2020-07-27 10:05:37,457 - mysql initialize
2020-07-27 10:05:37,965 - a new connection from 192.168.254.109
2020-07-27 10:05:37,974 - line3_robot2:check
2020-07-27 10:06:15,646 - param initialize
2020-07-27 10:06:15,686 - server initialize
2020-07-27 10:06:15,689 - timer initialize
2020-07-27 10:06:15,695 - mysql initialize
2020-07-27 10:06:16,179 - a new connection from 192.168.254.109
2020-07-27 10:06:16,181 - line3_robot2:check
2020-07-27 10:06:47,261 - param initialize
2020-07-27 10:06:47,303 - server initialize
2020-07-27 10:06:47,305 - timer initialize
2020-07-27 10:06:47,309 - mysql initialize
2020-07-27 10:06:47,635 - a new connection from 192.168.254.109
2020-07-27 10:06:47,640 - line3_robot2:check
2020-07-27 10:06:47,712 - line3_robot2 alter robot state to check
2020-07-27 10:06:49,741 - line3_robot2:check
2020-07-27 10:06:53,044 - line3_robot2:check
2020-07-27 10:06:56,345 - line3_robot2:check
2020-07-27 10:06:59,674 - line3_robot2:check
2020-07-27 10:07:04,166 - line3_robot2:check
2020-07-27 10:07:08,954 - line3_robot2:check
2020-07-27 10:07:12,254 - line3_robot2:check
2020-07-27 10:07:15,747 - line3_robot2:check
2020-07-27 10:07:18,858 - line3_robot2:check
2020-07-27 10:08:03,601 - param initialize
2020-07-27 10:08:03,641 - server initialize
2020-07-27 10:08:03,644 - timer initialize
2020-07-27 10:08:03,646 - mysql initialize
2020-07-27 10:08:03,746 - a new connection from 192.168.254.109
2020-07-27 10:08:03,748 - line3_robot2:check
2020-07-27 10:08:03,818 - line3_robot2 alter robot state to check
2020-07-27 10:08:05,552 - line3_robot2:check
2020-07-27 10:08:08,854 - line3_robot2:check
2020-07-27 10:08:12,255 - line3_robot2:check
2020-07-27 10:08:15,464 - line3_robot2:check
2020-07-27 10:08:18,759 - line3_robot2:check
2020-07-27 10:08:22,062 - line3_robot2:check
2020-07-27 10:08:25,365 - line3_robot2:check
2020-07-27 10:08:28,662 - line3_robot2:check
2020-07-27 10:08:31,975 - line3_robot2:check
2020-07-27 10:08:35,281 - line3_robot2:check
2020-07-27 10:08:39,471 - line3_robot2:check
2020-07-27 10:08:43,973 - line3_robot2:check
2020-07-27 10:08:49,104 - line3_robot2:check
2020-07-27 10:08:52,677 - line3_robot2:check
2020-07-27 10:08:58,613 - line3_robot2:check
2020-07-27 10:09:00,825 - line3_robot2:check
2020-07-27 10:09:04,113 - line3_robot2:check
2020-07-27 10:09:07,406 - line3_robot2:check
2020-07-27 10:09:10,807 - line3_robot2:check
2020-07-27 10:09:14,895 - line3_robot2:check
2020-07-27 10:09:19,784 - line3_robot2:check
2020-07-27 10:09:24,501 - line3_robot2:check
2020-07-27 10:09:33,609 - line3_robot2:check
2020-07-27 10:09:33,612 - line3_robot2:check
2020-07-27 10:09:35,923 - line3_robot2:check
2020-07-27 10:09:39,209 - line3_robot2:check
2020-07-27 10:09:42,530 - line3_robot2:check
2020-07-27 10:09:45,804 - line3_robot2:check
2020-07-27 10:09:49,112 - line3_robot2:check
2020-07-27 10:09:53,008 - line3_robot2:check
2020-07-27 10:09:57,210 - line3_robot2:check
2020-07-27 10:10:01,127 - line3_robot2:check
2020-07-27 10:10:06,229 - line3_robot2:check
2020-07-27 10:10:10,431 - line3_robot2:check
2020-07-27 10:10:13,719 - line3_robot2:check
2020-07-27 10:10:17,030 - line3_robot2:check
2020-07-27 10:10:20,324 - line3_robot2:check
2020-07-27 10:10:23,628 - line3_robot2:check
2020-07-27 10:10:28,131 - line3_robot2:check
2020-07-27 10:10:32,930 - line3_robot2:check
2020-07-27 10:10:37,451 - line3_robot2:check
2020-07-27 10:10:40,736 - line3_robot2:check
2020-07-27 10:10:44,068 - line3_robot2:check
2020-07-27 10:10:47,339 - line3_robot2:check
2020-07-27 10:10:50,992 - line3_robot2:check
2020-07-27 10:10:55,747 - line3_robot2:check
2020-07-27 10:11:00,600 - line3_robot2:check
2020-07-27 10:11:04,174 - line3_robot2:check
2020-07-27 10:11:07,452 - line3_robot2:check
2020-07-27 10:11:10,780 - line3_robot2:check
2020-07-27 10:11:15,859 - line3_robot2:stop
2020-07-27 10:11:15,929 - line3_robot2 alter robot state to stop
2020-07-27 10:11:20,956 - line3_robot2:stop
2020-07-27 10:11:23,394 - line3_robot2:check
2020-07-27 10:11:23,451 - line3_robot2 alter robot state to check
2020-07-27 10:11:28,459 - line3_robot2:check
2020-07-27 10:11:32,662 - line3_robot2:check
2020-07-27 10:11:36,054 - line3_robot2:check
2020-07-27 10:11:39,262 - line3_robot2:check
2020-07-27 10:11:43,465 - line3_robot2:check
2020-07-27 10:11:47,967 - line3_robot2:check
2020-07-27 10:11:51,912 - line3_robot2:check
2020-07-27 10:11:55,172 - line3_robot2:check
2020-07-27 10:11:58,478 - line3_robot2:check
2020-07-27 10:12:01,785 - line3_robot2:check
2020-07-27 10:12:05,450 - line3_robot2:check
2020-07-27 10:12:09,291 - line3_robot2:check
2020-07-27 10:12:14,395 - line3_robot2:check
2020-07-27 10:12:19,186 - line3_robot2:check
2020-07-27 10:12:23,710 - line3_robot2:check
2020-07-27 10:12:27,292 - line3_robot2:check
2020-07-27 10:12:30,607 - line3_robot2:check
2020-07-27 10:12:33,895 - line3_robot2:check
2020-07-27 10:12:37,274 - line3_robot2:check
2020-07-27 10:12:41,632 - line3_robot2:check
2020-07-27 10:12:45,136 - line3_robot2:check
2020-07-27 10:12:48,609 - line3_robot2:check
2020-07-27 10:12:52,553 - line3_robot2:check
2020-07-27 10:12:57,052 - line3_robot2:check
2020-07-27 10:13:01,832 - line3_robot2:check
2020-07-27 10:13:06,354 - line3_robot2:check
2020-07-27 10:13:10,243 - line3_robot2:check
2020-07-27 10:13:14,415 - line3_robot2:check
2020-07-27 10:13:18,017 - line3_robot2:check
2020-07-27 10:13:21,918 - line3_robot2:check
2020-07-27 10:13:26,122 - line3_robot2:check
2020-07-27 10:13:30,023 - line3_robot2:check
2020-07-27 10:13:34,533 - line3_robot2:check
2020-07-27 10:13:39,328 - line3_robot2:check
2020-07-27 10:13:43,828 - line3_robot2:check
2020-07-27 10:13:47,142 - line3_robot2:check
2020-07-27 10:13:54,624 - param initialize
2020-07-27 10:13:54,664 - server initialize
2020-07-27 10:13:54,666 - timer initialize
2020-07-27 10:13:54,669 - mysql initialize
2020-07-27 10:13:54,848 - a new connection from 192.168.254.109
2020-07-27 10:13:54,997 - line3_robot2:check
2020-07-27 10:13:55,052 - line3_robot2 alter robot state to check
2020-07-27 10:13:55,677 - line3_robot2:check
2020-07-27 10:14:02,136 - line3_robot2:check
2020-07-27 10:14:04,688 - line3_robot2:check
2020-07-27 10:14:08,031 - line3_robot2:check
2020-07-27 10:14:11,297 - line3_robot2:check
2020-07-27 10:14:14,704 - line3_robot2:check
2020-07-27 10:14:18,207 - line3_robot2:check
2020-07-27 10:14:22,099 - line3_robot2:check
2020-07-27 10:14:26,907 - line3_robot2:check
2020-07-27 10:14:30,796 - line3_robot2:check
2020-07-27 10:14:35,307 - line3_robot2:check
2020-07-27 10:14:39,500 - line3_robot2:check
2020-07-27 10:14:43,134 - line3_robot2:check
2020-07-27 10:14:46,714 - line3_robot2:check
2020-07-27 10:14:50,117 - line3_robot2:check
2020-07-27 10:14:53,309 - line3_robot2:check
2020-07-27 10:14:56,609 - line3_robot2:check
2020-07-27 10:14:59,916 - line3_robot2:check
2020-07-27 10:15:03,240 - line3_robot2:check
2020-07-27 10:15:06,519 - line3_robot2:check
2020-07-27 10:15:09,820 - line3_robot2:check
2020-07-27 10:15:13,215 - line3_robot2:check
2020-07-27 10:15:17,020 - line3_robot2:check
2020-07-27 10:15:20,942 - line3_robot2:check
2020-07-27 10:15:25,850 - line3_robot2:check
2020-07-27 10:15:30,548 - line3_robot2:check
2020-07-27 10:15:34,731 - line3_robot2:check
2020-07-27 10:15:38,029 - line3_robot2:check
2020-07-27 10:15:41,364 - line3_robot2:check
2020-07-27 10:15:44,697 - line3_robot2:check
2020-07-27 10:15:47,958 - line3_robot2:check
2020-07-27 10:15:52,451 - line3_robot2:check
2020-07-27 10:15:57,243 - line3_robot2:check
2020-07-27 10:16:02,354 - line3_robot2:check
2020-07-27 10:16:06,257 - line3_robot2:check
2020-07-27 10:16:10,449 - line3_robot2:check
2020-07-27 10:16:14,067 - line3_robot2:check
2020-07-27 10:16:17,355 - line3_robot2:check
2020-07-27 10:16:20,682 - line3_robot2:check
2020-07-27 10:16:23,993 - line3_robot2:check
2020-07-27 10:16:27,562 - line3_robot2:check
2020-07-27 10:16:31,467 - line3_robot2:check
2020-07-27 10:16:35,671 - line3_robot2:check
2020-07-27 10:16:40,464 - line3_robot2:check
2020-07-27 10:16:44,965 - line3_robot2:check
2020-07-27 10:16:49,169 - line3_robot2:check
2020-07-27 10:16:54,020 - line3_robot2:check
2020-07-27 10:16:58,771 - line3_robot2:check
2020-07-27 10:17:03,610 - line3_robot2:check
2020-07-27 10:17:08,376 - line3_robot2:check
2020-07-27 10:17:13,184 - line3_robot2:check
2020-07-27 10:17:17,687 - line3_robot2:check
2020-07-27 10:17:21,914 - line3_robot2:check
2020-07-27 10:17:26,693 - line3_robot2:check
2020-07-27 10:17:30,902 - line3_robot2:check
2020-07-27 10:17:34,190 - line3_robot2:check
2020-07-27 10:17:37,494 - line3_robot2:check
2020-07-27 10:17:40,917 - line3_robot2:check
2020-07-27 10:17:45,596 - line3_robot2:check
2020-07-27 10:17:49,518 - line3_robot2:check
2020-07-27 10:17:53,849 - line3_robot2:check
2020-07-27 10:17:56,701 - line3_robot2:check
2020-07-27 10:18:00,014 - line3_robot2:check
2020-07-27 10:18:04,250 - line3_robot2:check
2020-07-27 10:18:09,304 - line3_robot2:check
2020-07-27 10:18:12,923 - line3_robot2:check
2020-07-27 10:18:39,934 - line3_robot2 alter robot state to offline!
2020-07-27 10:18:39,938 - close the connection with 192.168.254.109
2020-07-27 10:20:52,527 - a new connection from 192.168.254.109
2020-07-27 10:20:52,530 - line3_robot2:check
2020-07-27 10:20:52,600 - line3_robot2 alter robot state to check
2020-07-27 10:20:55,529 - line3_robot2:check
2020-07-27 10:20:59,726 - line3_robot2:check
2020-07-27 10:21:03,636 - line3_robot2:check
2020-07-27 10:21:07,828 - line3_robot2:check
2020-07-27 10:21:12,030 - line3_robot2:check
2020-07-27 10:21:15,932 - line3_robot2:check
2020-07-27 10:21:20,739 - line3_robot2:check
2020-07-27 10:21:25,538 - line3_robot2:check
2020-07-27 10:21:30,337 - line3_robot2:check
2020-07-27 10:21:34,545 - line3_robot2:check
2020-07-27 10:21:37,842 - line3_robot2:check
2020-07-27 10:21:41,189 - line3_robot2:check
2020-07-27 10:21:44,456 - line3_robot2:check
2020-07-27 10:21:47,796 - line3_robot2:check
2020-07-27 10:21:51,406 - line3_robot2:check
2020-07-27 10:21:55,856 - line3_robot2:check
2020-07-27 10:22:00,971 - line3_robot2:check
2020-07-27 10:22:05,751 - line3_robot2:check
2020-07-27 10:22:10,260 - line3_robot2:check
2020-07-27 10:22:13,857 - line3_robot2:check
2020-07-27 10:22:17,456 - line3_robot2:check
2020-07-27 10:22:21,059 - line3_robot2:check
2020-07-27 10:22:25,259 - line3_robot2:check
2020-07-27 10:22:29,767 - line3_robot2:check
2020-07-27 10:22:33,670 - line3_robot2:check
2020-07-27 10:22:38,463 - line3_robot2:check
2020-07-27 10:22:42,972 - line3_robot2:check
2020-07-27 10:22:52,125 - line3_robot2:check
2020-07-27 10:22:52,333 - line3_robot2:check
2020-07-27 10:22:55,290 - line3_robot2:check
2020-07-27 10:22:58,875 - line3_robot2:check
2020-07-27 10:23:02,177 - line3_robot2:check
2020-07-27 10:23:05,480 - line3_robot2:check
2020-07-27 10:23:08,775 - line3_robot2:check
2020-07-27 10:23:12,084 - line3_robot2:check
2020-07-27 10:23:15,677 - line3_robot2:check
2020-07-27 10:23:18,993 - line3_robot2:check
2020-07-27 10:23:22,281 - line3_robot2:check
2020-07-27 10:23:25,582 - line3_robot2:check
2020-07-27 10:23:28,889 - line3_robot2:check
2020-07-27 10:23:32,187 - line3_robot2:check
2020-07-27 10:23:35,492 - line3_robot2:check
2020-07-27 10:23:38,787 - line3_robot2:check
2020-07-27 10:23:42,113 - line3_robot2:check
2020-07-27 10:23:45,394 - line3_robot2:check
2020-07-27 10:23:48,700 - line3_robot2:check
2020-07-27 10:23:56,201 - line3_robot2:check
2020-07-27 10:23:56,253 - line3_robot2:check
2020-07-27 10:23:58,598 - line3_robot2:check
2020-07-27 10:24:01,900 - line3_robot2:check
2020-07-27 10:24:05,201 - line3_robot2:check
2020-07-27 10:24:08,509 - line3_robot2:check
2020-07-27 10:24:11,904 - line3_robot2:check
2020-07-27 10:24:15,114 - line3_robot2:check
2020-07-27 10:24:18,410 - line3_robot2:check
2020-07-27 10:24:21,716 - line3_robot2:check
2020-07-27 10:24:25,011 - line3_robot2:check
2020-07-27 10:24:28,313 - line3_robot2:check
2020-07-27 10:24:31,915 - line3_robot2:check
2020-07-27 10:24:40,007 - param initialize
2020-07-27 10:24:40,047 - server initialize
2020-07-27 10:24:40,053 - timer initialize
2020-07-27 10:24:40,058 - mysql initialize
2020-07-27 10:24:42,334 - a new connection from 192.168.254.109
2020-07-27 10:24:42,337 - line3_robot2:check
2020-07-27 10:24:42,410 - line3_robot2 alter robot state to check
2020-07-27 10:24:43,237 - line3_robot2:check
2020-07-27 10:25:09,919 - line3_robot2 alter robot state to offline!
2020-07-27 10:25:09,980 - close the connection with 192.168.254.109
2020-07-27 10:26:45,658 - a new connection from 192.168.254.109
2020-07-27 10:26:45,685 - line3_robot2:check
2020-07-27 10:26:45,726 - line3_robot2 alter robot state to check
2020-07-27 10:26:47,163 - line3_robot2:check
2020-07-27 10:26:50,465 - line3_robot2:check
2020-07-27 10:26:53,767 - line3_robot2:check
2020-07-27 10:26:57,069 - line3_robot2:check
2020-07-27 10:27:01,579 - line3_robot2:check
2020-07-27 10:27:05,473 - line3_robot2:check
2020-07-27 10:27:09,975 - line3_robot2:check
2020-07-27 10:27:13,277 - line3_robot2:check
