2020-08-11 07:55:32,272 - param initialize
2020-08-11 07:55:32,316 - server initialize
2020-08-11 07:55:32,341 - timer initialize
2020-08-11 07:55:32,343 - mysql initialize
2020-08-11 08:31:39,240 - param initialize
2020-08-11 08:31:39,264 - server initialize
2020-08-11 08:31:39,283 - timer initialize
2020-08-11 08:31:39,289 - mysql initialize
2020-08-11 08:35:26,815 - param initialize
2020-08-11 08:35:26,851 - server initialize
2020-08-11 08:35:26,861 - timer initialize
2020-08-11 08:35:26,862 - mysql initialize
2020-08-11 08:38:06,792 - a new connection from 192.168.16.109
2020-08-11 08:38:06,808 - xe_line3_ultra alter robot state to check
2020-08-11 08:38:09,896 - xe_line3_ultra alter robot state to stop
2020-08-11 08:38:14,521 - xe_line3_ultra alter robot state to ota_check
2020-08-11 08:38:22,453 - xe_line3_ultra alter robot state to monitor_check
2020-08-11 08:38:33,318 - xe_line3_ultra alter robot state to stop
2020-08-11 08:54:26,862 - xe_line3_ultra alter robot state to offline!
2020-08-11 08:54:26,925 - close the connection with 192.168.16.109
2020-08-11 09:12:44,499 - a new connection from 192.168.16.109
2020-08-11 09:12:44,553 - xe_line3_ultra alter robot state to check
2020-08-11 09:12:49,099 - xe_line3_ultra alter robot state to stop
2020-08-11 09:18:03,609 - param initialize
2020-08-11 09:18:03,655 - server initialize
2020-08-11 09:18:03,667 - timer initialize
2020-08-11 09:18:03,670 - mysql initialize
2020-08-11 09:18:04,548 - a new connection from 192.168.16.109
2020-08-11 09:18:04,551 - receivd a error msg without valid msg:xe_line3_ultra:check
2020-08-11 09:18:17,370 - xe_line3_ultra alter robot state to stop
2020-08-11 09:21:49,879 - param initialize
2020-08-11 09:21:49,918 - server initialize
2020-08-11 09:21:49,943 - timer initialize
2020-08-11 09:21:49,951 - mysql initialize
2020-08-11 09:21:52,471 - a new connection from 192.168.16.109
2020-08-11 09:21:52,520 - xe_line3_ultra alter robot state to monitor_check
2020-08-11 09:21:55,599 - xe_line3_ultra alter robot state to stop
2020-08-11 09:22:38,301 - xe_line3_ultra alter robot state to ota_check
2020-08-11 09:43:28,103 - xe_line3_ultra alter robot state to monitor_check
2020-08-11 09:43:31,194 - xe_line3_ultra alter robot state to stop
2020-08-11 09:43:34,561 - xe_line3_ultra alter robot state to monitor_check
2020-08-11 09:43:46,575 - xe_line3_ultra alter robot state to stop
2020-08-11 09:47:33,308 - xe_line3_ultra alter robot state to monitor_check
2020-08-11 09:47:37,751 - xe_line3_ultra alter robot state to stop
2020-08-11 09:48:36,080 - param initialize
2020-08-11 09:48:36,115 - server initialize
2020-08-11 09:48:36,126 - timer initialize
2020-08-11 09:48:36,137 - mysql initialize
2020-08-11 09:48:37,956 - a new connection from 192.168.16.109
2020-08-11 09:48:38,000 - xe_line3_ultra alter robot state to monitor_check
2020-08-11 09:48:39,551 - xe_line3_ultra alter robot state to stop
2020-08-11 09:55:08,961 - param initialize
2020-08-11 09:55:08,996 - server initialize
2020-08-11 09:55:09,009 - timer initialize
2020-08-11 09:55:09,021 - mysql initialize
2020-08-11 09:55:10,159 - a new connection from 192.168.16.109
2020-08-11 09:55:10,198 - xe_line3_ultra alter robot state to monitor_check
2020-08-11 09:55:13,236 - xe_line3_ultra alter robot state to stop
2020-08-11 09:55:16,294 - xe_line3_ultra alter robot state to ota_check
2020-08-11 09:55:23,807 - param initialize
2020-08-11 09:55:23,851 - server initialize
2020-08-11 09:55:23,861 - timer initialize
2020-08-11 09:55:23,869 - mysql initialize
2020-08-11 09:55:25,980 - a new connection from 192.168.16.109
2020-08-11 09:55:26,050 - xe_line3_ultra alter robot state to ota_check
2020-08-11 09:56:16,498 - param initialize
2020-08-11 09:56:16,530 - server initialize
2020-08-11 09:56:16,550 - timer initialize
2020-08-11 09:56:16,554 - mysql initialize
2020-08-11 09:56:18,147 - a new connection from 192.168.16.109
2020-08-11 09:56:18,174 - xe_line3_ultra alter robot state to ota_check
2020-08-11 09:56:21,517 - xe_line3_ultra alter robot state to monitor_check
2020-08-11 09:56:24,595 - xe_line3_ultra alter robot state to stop
2020-08-11 09:56:28,810 - xe_line3_ultra alter robot state to monitor_check
2020-08-11 09:56:39,960 - xe_line3_ultra alter robot state to stop
2020-08-11 10:28:43,348 - param initialize
2020-08-11 10:28:43,380 - server initialize
2020-08-11 10:28:43,399 - timer initialize
2020-08-11 10:28:43,407 - mysql initialize
2020-08-11 10:28:45,860 - a new connection from 192.168.16.109
2020-08-11 10:28:45,899 - xe_line3_ultra alter robot state to monitor_check
2020-08-11 10:28:47,983 - a new connection from 192.168.16.102
2020-08-11 10:28:48,037 - xe_line4_ultra alter robot state to monitor_check
2020-08-11 10:28:49,056 - xe_line3_ultra alter robot state to stop
2020-08-11 10:28:51,065 - xe_line4_ultra alter robot state to stop
2020-08-11 10:28:54,436 - xe_line3_ultra alter robot state to ota_check
2020-08-11 10:28:56,567 - xe_line4_ultra alter robot state to ota_check
2020-08-11 10:29:09,870 - xe_line3_ultra alter robot state to monitor_check
2020-08-11 10:29:11,208 - xe_line4_ultra alter robot state to monitor_check
2020-08-11 10:29:12,917 - xe_line3_ultra alter robot state to stop
2020-08-11 10:29:19,572 - xe_line3_ultra alter robot state to ota_check
2020-08-11 10:29:21,786 - xe_line4_ultra alter robot state to stop
2020-08-11 10:29:26,297 - xe_line4_ultra alter robot state to ota_check
2020-08-11 10:29:29,346 - xe_line4_ultra alter robot state to monitor_check
2020-08-11 10:29:40,284 - xe_line4_ultra alter robot state to stop
2020-08-11 10:33:51,877 - param initialize
2020-08-11 10:33:51,905 - server initialize
2020-08-11 10:33:51,933 - timer initialize
2020-08-11 10:33:51,936 - mysql initialize
2020-08-11 10:33:52,596 - a new connection from 192.168.16.109
2020-08-11 10:33:52,632 - xe_line3_ultra alter robot state to monitor_check
2020-08-11 10:33:53,872 - a new connection from 192.168.16.102
2020-08-11 10:33:53,918 - xe_line4_ultra alter robot state to monitor_check
2020-08-11 10:33:55,416 - xe_line3_ultra alter robot state to stop
2020-08-11 10:33:56,986 - xe_line4_ultra alter robot state to stop
2020-08-11 10:34:35,526 - xe_line4_ultra alter robot state to ota_check
2020-08-11 10:34:35,694 - xe_line3_ultra alter robot state to ota_check
2020-08-11 11:02:45,870 - param initialize
2020-08-11 11:02:45,903 - server initialize
2020-08-11 11:02:45,923 - timer initialize
2020-08-11 11:02:45,926 - mysql initialize
2020-08-11 11:02:48,224 - a new connection from 192.168.16.102
2020-08-11 11:02:48,273 - xe_line4_ultra alter robot state to monitor_check
2020-08-11 11:02:48,703 - a new connection from 192.168.16.109
2020-08-11 11:02:48,756 - xe_line3_ultra alter robot state to monitor_check
2020-08-11 11:02:51,303 - xe_line4_ultra alter robot state to stop
2020-08-11 11:02:51,809 - xe_line3_ultra alter robot state to stop
2020-08-11 11:02:55,280 - xe_line4_ultra alter robot state to ota_check
2020-08-11 11:02:55,434 - xe_line3_ultra alter robot state to ota_check
2020-08-11 11:20:00,106 - param initialize
2020-08-11 11:20:00,136 - server initialize
2020-08-11 11:20:00,160 - timer initialize
2020-08-11 11:20:00,167 - mysql initialize
2020-08-11 11:20:00,864 - a new connection from 192.168.16.102
2020-08-11 11:20:00,896 - xe_line4_ultra alter robot state to monitor_check
2020-08-11 11:20:01,878 - a new connection from 192.168.16.109
2020-08-11 11:20:01,912 - xe_line3_ultra alter robot state to monitor_check
2020-08-11 11:20:03,837 - xe_line4_ultra alter robot state to stop
2020-08-11 11:20:05,166 - xe_line3_ultra alter robot state to stop
2020-08-11 11:21:45,514 - param initialize
2020-08-11 11:21:45,545 - server initialize
2020-08-11 11:21:45,557 - timer initialize
2020-08-11 11:21:45,567 - mysql initialize
2020-08-11 11:21:45,898 - a new connection from 192.168.16.109
2020-08-11 11:21:51,570 - a new connection from 192.168.16.102
2020-08-11 11:21:51,629 - xe_line4_ultra alter robot state to monitor_check
2020-08-11 11:22:06,730 - xe_line3_ultra alter robot state to monitor_check
2020-08-11 11:23:45,563 - xe_line3_ultra alter robot state to offline!
2020-08-11 11:23:45,578 - close the connection with 192.168.16.109
2020-08-11 11:23:45,594 - xe_line4_ultra alter robot state to offline!
2020-08-11 11:23:45,661 - close the connection with 192.168.16.102
2020-08-11 11:24:21,127 - a new connection from 192.168.16.109
2020-08-11 11:24:21,260 - xe_line3_ultra alter robot state to monitor_check
2020-08-11 11:24:24,316 - xe_line3_ultra alter robot state to stop
2020-08-11 11:24:33,795 - a new connection from 192.168.16.102
2020-08-11 11:24:33,841 - xe_line4_ultra alter robot state to monitor_check
2020-08-11 11:24:36,889 - xe_line4_ultra alter robot state to stop
2020-08-11 11:24:38,161 - xe_line4_ultra alter robot state to monitor_check
2020-08-11 11:24:38,224 - xe_line3_ultra alter robot state to monitor_check
2020-08-11 11:24:39,796 - xe_line3_ultra alter robot state to stop
2020-08-11 11:24:52,340 - xe_line4_ultra alter robot state to stop
2020-08-11 11:25:57,991 - a new connection from 192.168.16.109
2020-08-11 11:25:58,029 - xe_line3_ultra alter robot state to monitor_check
2020-08-11 11:26:01,096 - xe_line3_ultra alter robot state to stop
2020-08-11 11:26:02,397 - xe_line3_ultra alter robot state to ota_check
2020-08-11 11:26:12,460 - xe_line4_ultra alter robot state to ota_check
2020-08-11 11:26:15,385 - xe_line3_ultra alter robot state to monitor_check
2020-08-11 11:26:15,539 - xe_line4_ultra alter robot state to monitor_check
2020-08-11 11:26:29,243 - xe_line4_ultra alter robot state to stop
2020-08-11 11:26:29,544 - xe_line3_ultra alter robot state to stop
2020-08-11 11:26:56,793 - xe_line4_ultra alter robot state to ota_check
2020-08-11 11:26:57,018 - xe_line3_ultra alter robot state to ota_check
2020-08-11 11:28:45,568 - xe_line3_ultra alter robot state to offline!
2020-08-11 11:28:45,621 - close the connection with 192.168.16.109
2020-08-11 11:28:45,625 - xe_line4_ultra alter robot state to offline!
2020-08-11 11:28:45,656 - close the connection with 192.168.16.102
2020-08-11 11:29:13,970 - a new connection from 192.168.16.102
2020-08-11 11:29:14,002 - xe_line4_ultra alter robot state to monitor_check
2020-08-11 11:29:17,146 - xe_line4_ultra alter robot state to stop
2020-08-11 11:29:19,601 - xe_line4_ultra alter robot state to ota_check
2020-08-11 11:30:11,629 - a new connection from 192.168.16.109
2020-08-11 11:30:11,672 - xe_line3_ultra alter robot state to monitor_check
2020-08-11 11:30:14,986 - xe_line3_ultra alter robot state to stop
2020-08-11 11:30:22,801 - xe_line3_ultra alter robot state to ota_check
2020-08-11 12:40:53,877 - a new connection from 192.168.16.109
2020-08-11 12:40:53,922 - xe_line3_ultra alter robot state to monitor_check
2020-08-11 12:41:05,869 - xe_line3_ultra alter robot state to stop
2020-08-11 12:41:06,192 - xe_line3_ultra alter robot state to monitor_check
2020-08-11 12:41:06,506 - a new connection from 192.168.16.102
2020-08-11 12:41:06,526 - xe_line4_ultra alter robot state to monitor_check
2020-08-11 12:41:09,638 - xe_line4_ultra alter robot state to stop
2020-08-11 12:41:12,443 - xe_line4_ultra alter robot state to monitor_check
2020-08-11 12:41:12,899 - xe_line3_ultra alter robot state to stop
2020-08-11 12:41:17,005 - xe_line4_ultra alter robot state to ota_check
2020-08-11 12:41:22,867 - xe_line3_ultra alter robot state to ota_check
2020-08-11 12:41:25,915 - xe_line3_ultra alter robot state to monitor_check
2020-08-11 12:41:26,093 - xe_line4_ultra alter robot state to monitor_check
2020-08-11 12:41:31,374 - xe_line3_ultra alter robot state to stop
2020-08-11 12:41:34,274 - xe_line4_ultra alter robot state to stop
2020-08-11 12:41:41,225 - xe_line4_ultra alter robot state to ota_check
2020-08-11 12:41:41,389 - xe_line3_ultra alter robot state to ota_check
2020-08-11 13:01:04,933 - xe_line3_ultra alter robot state to monitor_check
2020-08-11 13:01:05,034 - xe_line4_ultra alter robot state to monitor_check
2020-08-11 13:01:07,951 - xe_line3_ultra alter robot state to stop
2020-08-11 13:01:08,082 - xe_line4_ultra alter robot state to stop
2020-08-11 13:02:09,076 - xe_line3_ultra alter robot state to ota_check
2020-08-11 13:02:15,370 - xe_line4_ultra alter robot state to ota_check
2020-08-11 14:41:41,060 - param initialize
2020-08-11 14:41:41,087 - server initialize
2020-08-11 14:41:41,112 - timer initialize
2020-08-11 14:41:41,116 - mysql initialize
2020-08-11 14:41:42,712 - a new connection from 192.168.16.102
2020-08-11 14:41:42,737 - xe_line4_ultra alter robot state to monitor_check
2020-08-11 14:41:43,366 - a new connection from 192.168.16.109
2020-08-11 14:41:43,398 - xe_line3_ultra alter robot state to monitor_check
2020-08-11 14:41:45,902 - xe_line4_ultra alter robot state to stop
2020-08-11 14:41:46,431 - xe_line3_ultra alter robot state to stop
2020-08-11 14:41:48,841 - xe_line4_ultra alter robot state to ota_check
2020-08-11 15:00:58,553 - param initialize
2020-08-11 15:00:58,587 - server initialize
2020-08-11 15:00:58,614 - timer initialize
2020-08-11 15:00:58,615 - mysql initialize
2020-08-11 15:00:59,585 - a new connection from 192.168.16.102
2020-08-11 15:00:59,622 - xe_line4_ultra alter robot state to monitor_check
2020-08-11 15:01:00,607 - a new connection from 192.168.16.109
2020-08-11 15:01:00,636 - xe_line3_ultra alter robot state to monitor_check
2020-08-11 15:01:02,789 - xe_line4_ultra alter robot state to stop
2020-08-11 15:01:03,767 - xe_line3_ultra alter robot state to stop
2020-08-11 15:01:23,811 - param initialize
2020-08-11 15:01:23,847 - server initialize
2020-08-11 15:01:23,859 - timer initialize
2020-08-11 15:01:23,860 - mysql initialize
2020-08-11 15:01:25,233 - a new connection from 192.168.16.109
2020-08-11 15:01:25,277 - xe_line3_ultra alter robot state to monitor_check
2020-08-11 15:01:25,495 - a new connection from 192.168.16.102
2020-08-11 15:01:25,545 - xe_line4_ultra alter robot state to monitor_check
2020-08-11 15:01:33,420 - xe_line3_ultra alter robot state to stop
2020-08-11 15:01:39,606 - xe_line4_ultra alter robot state to stop
2020-08-11 15:01:53,927 - param initialize
2020-08-11 15:01:53,968 - server initialize
2020-08-11 15:01:53,980 - timer initialize
2020-08-11 15:01:53,985 - mysql initialize
2020-08-11 15:01:55,323 - a new connection from 192.168.16.109
2020-08-11 15:01:55,340 - xe_line3_ultra alter robot state to monitor_check
2020-08-11 15:01:55,556 - a new connection from 192.168.16.102
2020-08-11 15:01:55,575 - xe_line4_ultra alter robot state to monitor_check
2020-08-11 15:02:08,642 - param initialize
2020-08-11 15:02:08,679 - server initialize
2020-08-11 15:02:08,693 - timer initialize
2020-08-11 15:02:08,695 - mysql initialize
2020-08-11 15:02:09,905 - a new connection from 192.168.16.102
2020-08-11 15:02:09,952 - xe_line4_ultra alter robot state to monitor_check
2020-08-11 15:02:09,984 - a new connection from 192.168.16.109
2020-08-11 15:02:10,006 - xe_line3_ultra alter robot state to monitor_check
2020-08-11 15:02:20,473 - xe_line4_ultra alter robot state to stop
2020-08-11 15:02:21,210 - xe_line3_ultra alter robot state to stop
2020-08-11 15:02:49,487 - param initialize
2020-08-11 15:02:49,519 - server initialize
2020-08-11 15:02:49,534 - timer initialize
2020-08-11 15:02:49,538 - mysql initialize
2020-08-11 15:02:50,859 - a new connection from 192.168.16.102
2020-08-11 15:02:50,890 - xe_line4_ultra alter robot state to monitor_check
2020-08-11 15:02:50,940 - a new connection from 192.168.16.109
2020-08-11 15:02:50,952 - xe_line3_ultra alter robot state to monitor_check
2020-08-11 15:04:08,157 - param initialize
2020-08-11 15:04:08,197 - server initialize
2020-08-11 15:04:08,210 - timer initialize
2020-08-11 15:04:08,218 - mysql initialize
2020-08-11 15:04:24,295 - param initialize
2020-08-11 15:04:24,337 - server initialize
2020-08-11 15:04:24,354 - timer initialize
2020-08-11 15:04:24,355 - mysql initialize
2020-08-11 15:04:26,604 - a new connection from 192.168.16.102
2020-08-11 15:04:26,643 - xe_line4_ultra alter robot state to monitor_check
2020-08-11 15:04:26,982 - a new connection from 192.168.16.109
2020-08-11 15:04:27,020 - xe_line3_ultra alter robot state to monitor_check
2020-08-11 15:04:36,589 - xe_line4_ultra alter robot state to stop
2020-08-11 15:04:36,947 - xe_line3_ultra alter robot state to stop
2020-08-11 15:05:36,290 - param initialize
2020-08-11 15:05:36,338 - server initialize
2020-08-11 15:05:36,349 - timer initialize
2020-08-11 15:05:36,350 - mysql initialize
2020-08-11 15:05:36,685 - a new connection from 192.168.16.102
2020-08-11 15:05:36,999 - xe_line4_ultra alter robot state to monitor_check
2020-08-11 15:05:38,802 - a new connection from 192.168.16.109
2020-08-11 15:05:38,849 - xe_line3_ultra alter robot state to monitor_check
2020-08-11 15:05:40,200 - xe_line4_ultra alter robot state to stop
2020-08-11 15:05:43,065 - xe_line3_ultra alter robot state to stop
2020-08-11 15:07:23,500 - param initialize
2020-08-11 15:07:23,527 - server initialize
2020-08-11 15:07:23,540 - timer initialize
2020-08-11 15:07:23,553 - mysql initialize
2020-08-11 15:07:25,357 - a new connection from 192.168.16.102
2020-08-11 15:07:25,393 - xe_line4_ultra alter robot state to monitor_check
2020-08-11 15:07:25,513 - a new connection from 192.168.16.109
2020-08-11 15:07:25,548 - xe_line3_ultra alter robot state to monitor_check
2020-08-11 15:07:31,119 - xe_line4_ultra alter robot state to stop
2020-08-11 15:07:33,688 - xe_line3_ultra alter robot state to stop
2020-08-11 15:12:22,991 - param initialize
2020-08-11 15:12:23,056 - server initialize
2020-08-11 15:12:23,095 - timer initialize
2020-08-11 15:12:23,099 - mysql initialize
2020-08-11 15:12:24,548 - a new connection from 192.168.16.102
2020-08-11 15:12:24,670 - xe_line4_ultra alter robot state to monitor_check
2020-08-11 15:12:25,130 - a new connection from 192.168.16.109
2020-08-11 15:12:25,168 - xe_line3_ultra alter robot state to monitor_check
2020-08-11 15:17:12,097 - param initialize
2020-08-11 15:17:12,126 - server initialize
2020-08-11 15:17:12,145 - timer initialize
2020-08-11 15:17:12,150 - mysql initialize
2020-08-11 15:17:13,878 - a new connection from 192.168.16.109
2020-08-11 15:17:13,936 - xe_line3_ultra alter robot state to monitor_check
2020-08-11 15:17:14,689 - a new connection from 192.168.16.102
2020-08-11 15:17:14,711 - xe_line4_ultra alter robot state to monitor_check
2020-08-11 15:17:16,952 - xe_line3_ultra alter robot state to stop
2020-08-11 15:17:17,785 - xe_line4_ultra alter robot state to stop
2020-08-11 15:26:24,467 - param initialize
2020-08-11 15:26:24,512 - server initialize
2020-08-11 15:26:24,537 - timer initialize
2020-08-11 15:26:24,543 - mysql initialize
2020-08-11 15:27:23,447 - param initialize
2020-08-11 15:27:23,499 - server initialize
2020-08-11 15:27:23,513 - timer initialize
2020-08-11 15:27:23,514 - mysql initialize
2020-08-11 15:27:24,636 - a new connection from 192.168.16.102
2020-08-11 15:27:24,664 - xe_line4_ultra alter robot state to monitor_check
2020-08-11 15:27:24,709 - a new connection from 192.168.16.109
2020-08-11 15:27:24,746 - xe_line3_ultra alter robot state to monitor_check
2020-08-11 15:27:27,696 - xe_line4_ultra alter robot state to stop
2020-08-11 15:27:27,782 - xe_line3_ultra alter robot state to stop
2020-08-11 15:27:36,698 - param initialize
2020-08-11 15:27:36,740 - server initialize
2020-08-11 15:27:36,752 - timer initialize
2020-08-11 15:27:36,760 - mysql initialize
2020-08-11 15:27:39,207 - a new connection from 192.168.16.109
2020-08-11 15:27:39,282 - xe_line3_ultra alter robot state to monitor_check
2020-08-11 15:27:39,292 - a new connection from 192.168.16.102
2020-08-11 15:27:39,345 - xe_line4_ultra alter robot state to monitor_check
2020-08-11 15:28:10,244 - param initialize
2020-08-11 15:28:10,274 - server initialize
2020-08-11 15:28:10,286 - timer initialize
2020-08-11 15:28:10,290 - mysql initialize
2020-08-11 15:28:11,104 - a new connection from 192.168.16.109
2020-08-11 15:28:11,106 - a new connection from 192.168.16.102
2020-08-11 15:28:11,164 - xe_line4_ultra alter robot state to monitor_check
2020-08-11 15:28:11,199 - xe_line3_ultra alter robot state to monitor_check
2020-08-11 15:28:11,560 - xe_line3_ultra alter robot state to stop
2020-08-11 15:28:11,764 - xe_line4_ultra alter robot state to stop
2020-08-11 15:30:24,178 - param initialize
2020-08-11 15:30:24,214 - server initialize
2020-08-11 15:30:24,226 - timer initialize
2020-08-11 15:30:24,227 - mysql initialize
2020-08-11 15:30:24,970 - a new connection from 192.168.16.102
2020-08-11 15:30:24,973 - a new connection from 192.168.16.109
2020-08-11 15:30:25,008 - xe_line4_ultra alter robot state to monitor_check
2020-08-11 15:30:25,053 - xe_line3_ultra alter robot state to monitor_check
2020-08-11 15:30:27,758 - xe_line4_ultra alter robot state to stop
2020-08-11 15:30:28,045 - xe_line3_ultra alter robot state to stop
2020-08-11 15:31:04,007 - param initialize
2020-08-11 15:31:04,052 - server initialize
2020-08-11 15:31:04,066 - timer initialize
2020-08-11 15:31:04,072 - mysql initialize
2020-08-11 15:31:05,258 - a new connection from 192.168.16.109
2020-08-11 15:31:05,297 - xe_line3_ultra alter robot state to monitor_check
2020-08-11 15:31:05,306 - a new connection from 192.168.16.102
2020-08-11 15:31:05,345 - xe_line4_ultra alter robot state to monitor_check
2020-08-11 15:31:11,377 - xe_line4_ultra alter robot state to stop
2020-08-11 15:31:11,661 - xe_line3_ultra alter robot state to stop
2020-08-11 15:32:35,565 - param initialize
2020-08-11 15:32:35,592 - server initialize
2020-08-11 15:32:35,607 - timer initialize
2020-08-11 15:32:35,611 - mysql initialize
2020-08-11 15:32:35,938 - a new connection from 192.168.16.109
2020-08-11 15:32:36,239 - xe_line3_ultra alter robot state to monitor_check
2020-08-11 15:32:37,806 - a new connection from 192.168.16.102
2020-08-11 15:32:37,826 - xe_line4_ultra alter robot state to monitor_check
2020-08-11 15:32:38,957 - xe_line3_ultra alter robot state to stop
2020-08-11 15:32:43,409 - xe_line4_ultra alter robot state to stop
2020-08-11 15:38:59,588 - param initialize
2020-08-11 15:38:59,615 - server initialize
2020-08-11 15:38:59,627 - timer initialize
2020-08-11 15:38:59,629 - mysql initialize
2020-08-11 15:39:00,904 - a new connection from 192.168.16.109
2020-08-11 15:39:00,940 - xe_line3_ultra alter robot state to monitor_check
2020-08-11 15:39:01,586 - a new connection from 192.168.16.102
2020-08-11 15:39:01,647 - xe_line4_ultra alter robot state to monitor_check
2020-08-11 15:39:03,972 - xe_line3_ultra alter robot state to stop
2020-08-11 15:39:04,678 - xe_line4_ultra alter robot state to stop
2020-08-11 15:39:41,904 - param initialize
2020-08-11 15:39:41,933 - server initialize
2020-08-11 15:39:41,944 - timer initialize
2020-08-11 15:39:41,947 - mysql initialize
2020-08-11 15:39:43,253 - a new connection from 192.168.16.109
2020-08-11 15:39:43,279 - xe_line3_ultra alter robot state to monitor_check
2020-08-11 15:39:43,429 - a new connection from 192.168.16.102
2020-08-11 15:39:43,466 - xe_line4_ultra alter robot state to monitor_check
2020-08-11 15:42:03,386 - param initialize
2020-08-11 15:42:03,415 - server initialize
2020-08-11 15:42:03,435 - timer initialize
2020-08-11 15:42:03,441 - mysql initialize
2020-08-11 15:42:29,144 - param initialize
2020-08-11 15:42:29,180 - server initialize
2020-08-11 15:42:29,192 - timer initialize
2020-08-11 15:42:29,196 - mysql initialize
2020-08-11 16:09:18,044 - param initialize
2020-08-11 16:09:18,082 - server initialize
2020-08-11 16:09:18,110 - timer initialize
2020-08-11 16:09:18,113 - mysql initialize
2020-08-11 16:11:15,263 - param initialize
2020-08-11 16:11:15,307 - server initialize
2020-08-11 16:11:15,321 - timer initialize
2020-08-11 16:11:15,325 - mysql initialize
2020-08-11 16:11:50,661 - param initialize
2020-08-11 16:11:50,702 - server initialize
2020-08-11 16:11:50,715 - timer initialize
2020-08-11 16:11:50,726 - mysql initialize
2020-08-11 16:12:59,392 - param initialize
2020-08-11 16:12:59,424 - server initialize
2020-08-11 16:12:59,437 - timer initialize
2020-08-11 16:12:59,440 - mysql initialize
2020-08-11 16:14:15,539 - param initialize
2020-08-11 16:14:15,589 - server initialize
2020-08-11 16:14:15,604 - timer initialize
2020-08-11 16:14:15,608 - mysql initialize
