2020-08-25 08:42:44,565 - param initialize
2020-08-25 08:42:45,173 - server initialize
2020-08-25 08:42:45,283 - timer initialize
2020-08-25 08:42:45,285 - mysql initialize
2020-08-25 08:48:54,549 - param initialize
2020-08-25 08:48:55,391 - server initialize
2020-08-25 08:48:55,446 - timer initialize
2020-08-25 08:48:55,449 - mysql initialize
2020-08-25 08:51:05,246 - param initialize
2020-08-25 08:51:05,661 - server initialize
2020-08-25 08:51:05,702 - timer initialize
2020-08-25 08:51:05,704 - mysql initialize
2020-08-25 08:52:33,883 - param initialize
2020-08-25 08:52:34,342 - server initialize
2020-08-25 08:52:34,368 - timer initialize
2020-08-25 08:52:34,373 - mysql initialize
2020-08-25 08:54:16,335 - param initialize
2020-08-25 08:54:17,019 - server initialize
2020-08-25 08:54:17,057 - timer initialize
2020-08-25 08:54:17,083 - mysql initialize
2020-08-25 08:54:52,798 - a new connection from 192.168.183.1
2020-08-25 08:55:04,391 - receive a invalid msg:xe_line1_robot1:check
2020-08-25 08:56:15,703 - receivd a error msg len!=2:xe_line1_robot1:calculate:1
2020-08-25 08:57:57,337 - param initialize
2020-08-25 08:57:57,775 - server initialize
2020-08-25 08:57:57,809 - timer initialize
2020-08-25 08:57:57,811 - mysql initialize
2020-08-25 08:58:14,750 - param initialize
2020-08-25 08:58:15,237 - server initialize
2020-08-25 08:58:15,251 - timer initialize
2020-08-25 08:58:15,265 - mysql initialize
2020-08-25 08:58:26,022 - a new connection from 192.168.183.1
2020-08-25 08:59:11,334 - param initialize
2020-08-25 08:59:11,813 - server initialize
2020-08-25 08:59:11,842 - timer initialize
2020-08-25 08:59:11,851 - mysql initialize
2020-08-25 08:59:23,540 - a new connection from 192.168.183.1
2020-08-25 09:00:01,818 - param initialize
2020-08-25 09:00:02,233 - server initialize
2020-08-25 09:00:02,246 - timer initialize
2020-08-25 09:00:02,251 - mysql initialize
2020-08-25 09:00:08,940 - a new connection from 192.168.183.1
2020-08-25 09:06:14,739 - param initialize
2020-08-25 09:06:15,465 - server initialize
2020-08-25 09:06:15,510 - timer initialize
2020-08-25 09:06:15,514 - mysql initialize
2020-08-25 09:06:23,069 - a new connection from 192.168.183.1
2020-08-25 09:28:40,221 - param initialize
2020-08-25 09:28:40,777 - server initialize
2020-08-25 09:28:40,812 - timer initialize
2020-08-25 09:28:40,827 - mysql initialize
2020-08-25 09:28:44,213 - a new connection from 192.168.183.1
2020-08-25 09:38:09,590 - param initialize
2020-08-25 09:38:10,012 - server initialize
2020-08-25 09:38:10,047 - timer initialize
2020-08-25 09:38:10,051 - mysql initialize
2020-08-25 09:38:17,903 - a new connection from 192.168.183.1
2020-08-25 09:38:19,215 - receive a invalid msg:xe_line1_robot11:calculate-1213
2020-08-25 10:08:21,120 - param initialize
2020-08-25 10:10:31,794 - param initialize
2020-08-25 10:11:43,322 - param initialize
2020-08-25 10:11:43,838 - server initialize
2020-08-25 10:11:43,875 - timer initialize
2020-08-25 10:11:43,878 - mysql initialize
2020-08-25 10:12:18,564 - param initialize
2020-08-25 10:12:19,150 - server initialize
2020-08-25 10:12:19,181 - timer initialize
2020-08-25 10:12:19,208 - mysql initialize
2020-08-25 10:12:49,866 - param initialize
2020-08-25 10:12:50,319 - server initialize
2020-08-25 10:12:50,333 - timer initialize
2020-08-25 10:12:50,349 - mysql initialize
2020-08-25 10:13:26,148 - param initialize
2020-08-25 10:13:26,643 - server initialize
2020-08-25 10:13:26,679 - timer initialize
2020-08-25 10:13:26,681 - mysql initialize
2020-08-25 10:13:50,003 - param initialize
2020-08-25 10:13:50,480 - server initialize
2020-08-25 10:13:50,499 - timer initialize
2020-08-25 10:13:50,506 - mysql initialize
2020-08-25 10:39:54,278 - param initialize
2020-08-25 10:39:54,750 - server initialize
2020-08-25 10:39:54,786 - timer initialize
2020-08-25 10:39:54,788 - mysql initialize
