2020-08-10 08:05:23,795 - param initialize
2020-08-10 08:05:23,829 - server initialize
2020-08-10 08:05:23,857 - timer initialize
2020-08-10 08:05:23,861 - mysql initialize
2020-08-10 08:31:26,342 - param initialize
2020-08-10 08:31:26,448 - server initialize
2020-08-10 08:31:26,494 - timer initialize
2020-08-10 08:31:26,496 - mysql initialize
2020-08-10 08:33:31,086 - a new connection from 192.168.16.106
2020-08-10 08:33:32,948 - xe_line1_robot1:check
2020-08-10 08:33:32,971 - xe_line1_robot1 alter robot state to check
2020-08-10 08:33:56,492 - xe_line1_robot1 alter robot state to offline!
2020-08-10 08:33:56,507 - close the connection with 192.168.16.106
2020-08-10 08:33:56,942 - a new connection from 192.168.16.106
2020-08-10 08:33:56,956 - xe_line1_robot1:check
2020-08-10 08:33:56,971 - xe_line1_robot1 alter robot state to check
2020-08-10 08:34:26,491 - xe_line1_robot1 alter robot state to offline!
2020-08-10 08:34:26,505 - close the connection with 192.168.16.106
2020-08-10 08:35:21,449 - a new connection from 192.168.16.106
2020-08-10 08:35:21,451 - xe_line1_robot1:check
2020-08-10 08:35:21,467 - xe_line1_robot1 alter robot state to check
2020-08-10 08:35:41,496 - xe_line1_robot1 alter robot state to offline!
2020-08-10 08:35:41,511 - close the connection with 192.168.16.106
2020-08-10 08:35:42,773 - a new connection from 192.168.16.106
2020-08-10 08:35:42,777 - xe_line1_robot1:check
2020-08-10 08:35:42,794 - xe_line1_robot1 alter robot state to check
2020-08-10 08:36:11,494 - xe_line1_robot1 alter robot state to offline!
2020-08-10 08:36:11,645 - close the connection with 192.168.16.106
2020-08-10 08:36:14,659 - a new connection from 192.168.16.106
2020-08-10 08:36:23,626 - xe_line1_robot1:check
2020-08-10 08:36:23,681 - xe_line1_robot1 alter robot state to check
2020-08-10 08:36:41,493 - xe_line1_robot1 alter robot state to offline!
2020-08-10 08:36:41,536 - close the connection with 192.168.16.106
2020-08-10 08:36:49,986 - a new connection from 192.168.16.106
2020-08-10 08:36:49,987 - xe_line1_robot1:check
2020-08-10 08:36:50,044 - xe_line1_robot1 alter robot state to check
2020-08-10 08:37:11,496 - xe_line1_robot1 alter robot state to offline!
2020-08-10 08:37:11,553 - close the connection with 192.168.16.106
2020-08-10 08:37:34,239 - a new connection from 192.168.16.106
2020-08-10 08:37:34,247 - xe_line1_robot1:check
2020-08-10 08:37:34,311 - xe_line1_robot1 alter robot state to check
2020-08-10 08:37:56,495 - xe_line1_robot1 alter robot state to offline!
2020-08-10 08:37:56,555 - close the connection with 192.168.16.106
2020-08-10 08:38:00,802 - a new connection from 192.168.16.106
2020-08-10 08:38:00,803 - xe_line1_robot1:check
2020-08-10 08:38:00,831 - xe_line1_robot1 alter robot state to check
2020-08-10 08:38:26,490 - xe_line1_robot1 alter robot state to offline!
2020-08-10 08:38:26,527 - close the connection with 192.168.16.106
2020-08-10 08:38:27,376 - a new connection from 192.168.16.106
2020-08-10 08:38:27,405 - xe_line1_robot1:check
2020-08-10 08:38:27,425 - xe_line1_robot1 alter robot state to check
2020-08-10 08:38:56,488 - xe_line1_robot1 alter robot state to offline!
2020-08-10 08:38:56,528 - close the connection with 192.168.16.106
2020-08-10 08:38:59,256 - a new connection from 192.168.16.106
2020-08-10 08:38:59,258 - xe_line1_robot1:check
2020-08-10 08:38:59,298 - xe_line1_robot1 alter robot state to check
2020-08-10 08:39:27,280 - param initialize
2020-08-10 08:39:27,328 - server initialize
2020-08-10 08:39:27,341 - timer initialize
2020-08-10 08:39:27,342 - mysql initialize
2020-08-10 08:39:28,623 - a new connection from 192.168.16.106
2020-08-10 08:39:28,631 - xe_line1_robot1:check
2020-08-10 08:39:28,682 - xe_line1_robot1 alter robot state to check
2020-08-10 08:40:28,943 - param initialize
2020-08-10 08:40:28,978 - server initialize
2020-08-10 08:40:28,993 - timer initialize
2020-08-10 08:40:28,994 - mysql initialize
2020-08-10 08:40:30,043 - a new connection from 192.168.16.106
2020-08-10 08:40:30,050 - xe_line1_robot1:check
2020-08-10 08:40:30,091 - xe_line1_robot1 alter robot state to check
2020-08-10 08:41:28,997 - xe_line1_robot1 alter robot state to offline!
2020-08-10 08:41:29,013 - close the connection with 192.168.16.106
2020-08-10 08:41:33,703 - a new connection from 192.168.16.106
2020-08-10 08:41:33,708 - xe_line1_robot1:check
2020-08-10 08:41:33,761 - xe_line1_robot1 alter robot state to check
2020-08-10 08:42:10,578 - xe_line1_robot1:check
2020-08-10 08:42:58,994 - xe_line1_robot1 alter robot state to offline!
2020-08-10 08:42:59,052 - close the connection with 192.168.16.106
2020-08-10 08:43:03,958 - a new connection from 192.168.16.106
2020-08-10 08:43:04,008 - xe_line1_robot1:check
2020-08-10 08:43:04,043 - xe_line1_robot1 alter robot state to check
2020-08-10 08:43:58,990 - xe_line1_robot1 alter robot state to offline!
2020-08-10 08:43:59,055 - close the connection with 192.168.16.106
2020-08-10 08:44:03,731 - a new connection from 192.168.16.106
2020-08-10 08:44:03,736 - xe_line1_robot1:check
2020-08-10 08:44:03,791 - xe_line1_robot1 alter robot state to check
2020-08-10 08:44:58,989 - xe_line1_robot1 alter robot state to offline!
2020-08-10 08:44:59,094 - close the connection with 192.168.16.106
2020-08-10 08:45:02,080 - a new connection from 192.168.16.106
2020-08-10 08:45:02,095 - xe_line1_robot1:check
2020-08-10 08:45:02,140 - xe_line1_robot1 alter robot state to check
2020-08-10 08:45:58,991 - xe_line1_robot1 alter robot state to offline!
2020-08-10 08:45:59,011 - close the connection with 192.168.16.106
2020-08-10 08:46:00,442 - a new connection from 192.168.16.106
2020-08-10 08:46:00,446 - xe_line1_robot1:check
2020-08-10 08:46:00,462 - xe_line1_robot1 alter robot state to check
2020-08-10 08:46:58,992 - xe_line1_robot1 alter robot state to offline!
2020-08-10 08:46:59,048 - close the connection with 192.168.16.106
2020-08-10 08:47:02,550 - a new connection from 192.168.16.106
2020-08-10 08:47:02,573 - xe_line1_robot1:check
2020-08-10 08:47:02,609 - xe_line1_robot1 alter robot state to check
2020-08-10 08:47:58,988 - xe_line1_robot1 alter robot state to offline!
2020-08-10 08:47:59,021 - close the connection with 192.168.16.106
2020-08-10 08:48:01,114 - a new connection from 192.168.16.106
2020-08-10 08:48:01,118 - xe_line1_robot1:check
2020-08-10 08:48:01,157 - xe_line1_robot1 alter robot state to check
2020-08-10 08:48:58,994 - xe_line1_robot1 alter robot state to offline!
2020-08-10 08:48:59,054 - close the connection with 192.168.16.106
2020-08-10 08:48:59,488 - a new connection from 192.168.16.106
2020-08-10 08:48:59,494 - xe_line1_robot1:check
2020-08-10 08:48:59,505 - xe_line1_robot1 alter robot state to check
2020-08-10 08:49:58,990 - xe_line1_robot1 alter robot state to offline!
2020-08-10 08:49:59,051 - close the connection with 192.168.16.106
2020-08-10 08:50:03,148 - a new connection from 192.168.16.106
2020-08-10 08:50:03,156 - xe_line1_robot1:check
2020-08-10 08:50:03,201 - xe_line1_robot1 alter robot state to check
2020-08-10 08:50:58,989 - xe_line1_robot1 alter robot state to offline!
2020-08-10 08:50:59,022 - close the connection with 192.168.16.106
2020-08-10 08:51:04,659 - a new connection from 192.168.16.106
2020-08-10 08:51:04,664 - xe_line1_robot1:check
2020-08-10 08:51:04,715 - xe_line1_robot1 alter robot state to check
2020-08-10 08:51:36,202 - xe_line1_robot1:check
2020-08-10 08:52:28,994 - xe_line1_robot1 alter robot state to offline!
2020-08-10 08:52:29,035 - close the connection with 192.168.16.106
2020-08-10 08:52:29,558 - a new connection from 192.168.16.106
2020-08-10 08:52:29,562 - xe_line1_robot1:check
2020-08-10 08:52:29,604 - xe_line1_robot1 alter robot state to check
2020-08-10 08:53:28,997 - xe_line1_robot1 alter robot state to offline!
2020-08-10 08:53:29,046 - close the connection with 192.168.16.106
2020-08-10 08:53:33,217 - a new connection from 192.168.16.106
2020-08-10 08:53:33,222 - xe_line1_robot1:check
2020-08-10 08:53:33,269 - xe_line1_robot1 alter robot state to check
2020-08-10 08:54:28,990 - xe_line1_robot1 alter robot state to offline!
2020-08-10 08:54:29,000 - close the connection with 192.168.16.106
2020-08-10 08:54:31,607 - a new connection from 192.168.16.106
2020-08-10 08:54:31,616 - xe_line1_robot1:check
2020-08-10 08:54:31,730 - xe_line1_robot1 alter robot state to check
2020-08-10 08:55:25,156 - a new connection from 192.168.16.106
2020-08-10 08:55:25,162 - xe_line1_robot1:check
2020-08-10 08:57:06,357 - param initialize
2020-08-10 08:57:06,405 - server initialize
2020-08-10 08:57:06,424 - timer initialize
2020-08-10 08:57:06,438 - mysql initialize
2020-08-10 08:57:08,751 - a new connection from 192.168.16.106
2020-08-10 08:57:08,756 - xe_line1_robot1:check
2020-08-10 08:57:08,955 - xe_line1_robot1 alter robot state to check
2020-08-10 08:57:57,170 - a new connection from 192.168.16.106
2020-08-10 08:57:57,173 - xe_line1_robot1:check
2020-08-10 08:58:00,231 - xe_line1_robot1:stop
2020-08-10 08:58:00,247 - xe_line1_robot1 alter robot state to stop
2020-08-10 08:58:03,580 - xe_line1_robot1:stop
2020-08-10 08:58:07,185 - xe_line1_robot1:stop
2020-08-10 08:58:10,555 - xe_line1_robot1:stop
2020-08-10 08:58:13,903 - xe_line1_robot1:stop
2020-08-10 08:58:17,252 - xe_line1_robot1:stop
2020-08-10 08:58:30,852 - xe_line1_robot1:stop
2020-08-10 08:58:30,898 - xe_line1_robot1:stopxe_line1_robot1:stop
2020-08-10 08:58:30,900 - receivd a error msg:xe_line1_robot1:stopxe_line1_robot1:stop
2020-08-10 08:58:31,406 - xe_line1_robot1:stop
2020-08-10 08:58:34,754 - xe_line1_robot1:stop
2020-08-10 08:58:38,110 - xe_line1_robot1:stop
2020-08-10 08:58:41,465 - xe_line1_robot1:stop
2020-08-10 08:58:44,816 - xe_line1_robot1:stop
2020-08-10 08:58:48,177 - xe_line1_robot1:stop
2020-08-10 08:58:51,549 - xe_line1_robot1:stop
2020-08-10 08:58:54,907 - xe_line1_robot1:stop
2020-08-10 08:58:58,285 - xe_line1_robot1:stop
2020-08-10 08:59:01,638 - xe_line1_robot1:stop
2020-08-10 08:59:04,987 - xe_line1_robot1:stop
2020-08-10 08:59:08,352 - xe_line1_robot1:stop
2020-08-10 08:59:11,699 - xe_line1_robot1:stop
2020-08-10 08:59:15,044 - xe_line1_robot1:stop
2020-08-10 08:59:18,393 - xe_line1_robot1:stop
2020-08-10 08:59:23,157 - xe_line1_robot1:stop
2020-08-10 08:59:25,345 - xe_line1_robot1:stop
2020-08-10 08:59:29,740 - xe_line1_robot1:stop
2020-08-10 08:59:32,295 - xe_line1_robot1:stop
2020-08-10 08:59:35,645 - xe_line1_robot1:stop
2020-08-10 08:59:39,017 - xe_line1_robot1:stop
2020-08-10 08:59:42,382 - xe_line1_robot1:stop
2020-08-10 08:59:45,729 - xe_line1_robot1:stop
2020-08-10 08:59:49,073 - xe_line1_robot1:stop
2020-08-10 08:59:52,432 - xe_line1_robot1:stop
2020-08-10 08:59:55,787 - xe_line1_robot1:stop
2020-08-10 08:59:59,133 - xe_line1_robot1:stop
2020-08-10 09:00:02,488 - xe_line1_robot1:stop
2020-08-10 09:00:05,833 - xe_line1_robot1:stop
2020-08-10 09:00:09,181 - xe_line1_robot1:stop
2020-08-10 09:00:12,526 - xe_line1_robot1:stop
2020-08-10 09:00:15,871 - xe_line1_robot1:stop
2020-08-10 09:00:19,215 - xe_line1_robot1:stop
2020-08-10 09:00:22,585 - xe_line1_robot1:stop
2020-08-10 09:00:25,940 - xe_line1_robot1:stop
2020-08-10 09:01:02,115 - a new connection from 192.168.16.106
2020-08-10 09:01:02,118 - xe_line1_robot1:check
2020-08-10 09:01:02,134 - xe_line1_robot1 alter robot state to check
2020-08-10 09:01:05,188 - xe_line1_robot1:stop
2020-08-10 09:01:05,204 - xe_line1_robot1 alter robot state to stop
2020-08-10 09:01:08,676 - xe_line1_robot1:stop
2020-08-10 09:01:12,203 - xe_line1_robot1:stop
2020-08-10 09:01:15,559 - xe_line1_robot1:stop
2020-08-10 09:01:18,924 - xe_line1_robot1:stop
2020-08-10 09:01:22,331 - xe_line1_robot1:stop
2020-08-10 09:01:30,106 - xe_line1_robot1:stop
2020-08-10 09:01:30,152 - xe_line1_robot1:stop
2020-08-10 09:01:34,560 - xe_line1_robot1:stop
2020-08-10 09:01:36,735 - xe_line1_robot1:stop
2020-08-10 09:01:40,165 - xe_line1_robot1:stop
2020-08-10 09:01:45,148 - xe_line1_robot1:stop
2020-08-10 09:01:47,369 - xe_line1_robot1:stop
2020-08-10 09:01:50,814 - xe_line1_robot1:stop
2020-08-10 09:01:54,239 - xe_line1_robot1:stop
2020-08-10 09:01:59,223 - xe_line1_robot1:stop
2020-08-10 09:02:01,222 - xe_line1_robot1:stop
2020-08-10 09:02:04,877 - xe_line1_robot1:stop
2020-08-10 09:02:08,296 - xe_line1_robot1:stop
2020-08-10 09:02:11,691 - xe_line1_robot1:stop
2020-08-10 09:02:15,036 - xe_line1_robot1:stop
2020-08-10 09:02:18,424 - xe_line1_robot1:stop
2020-08-10 09:02:21,810 - xe_line1_robot1:stop
2020-08-10 09:02:25,167 - xe_line1_robot1:stop
2020-08-10 09:02:28,515 - xe_line1_robot1:stop
2020-08-10 09:02:31,861 - xe_line1_robot1:stop
2020-08-10 09:02:35,225 - xe_line1_robot1:stop
2020-08-10 09:02:38,573 - xe_line1_robot1:stop
2020-08-10 09:02:42,210 - xe_line1_robot1:stop
2020-08-10 09:02:45,284 - xe_line1_robot1:stop
2020-08-10 09:02:48,639 - xe_line1_robot1:stop
2020-08-10 09:02:51,991 - xe_line1_robot1:stop
2020-08-10 09:02:55,389 - xe_line1_robot1:stop
2020-08-10 09:02:58,744 - xe_line1_robot1:stop
2020-08-10 09:03:02,106 - xe_line1_robot1:stop
2020-08-10 09:03:05,465 - xe_line1_robot1:stop
2020-08-10 09:03:42,666 - param initialize
2020-08-10 09:03:42,695 - server initialize
2020-08-10 09:03:42,711 - timer initialize
2020-08-10 09:03:42,716 - mysql initialize
2020-08-10 09:03:43,399 - a new connection from 192.168.16.106
2020-08-10 09:03:43,407 - xe_line1_robot1:check
2020-08-10 09:03:43,435 - xe_line1_robot1 alter robot state to check
2020-08-10 09:03:45,845 - xe_line1_robot1:stop
2020-08-10 09:03:45,882 - xe_line1_robot1 alter robot state to stop
2020-08-10 09:03:49,193 - xe_line1_robot1:stop
2020-08-10 09:03:52,501 - xe_line1_robot1:stop
2020-08-10 09:03:55,819 - xe_line1_robot1:stop
2020-08-10 09:03:59,146 - xe_line1_robot1:stop
2020-08-10 09:04:02,453 - xe_line1_robot1:stop
2020-08-10 09:04:05,778 - xe_line1_robot1:stop
2020-08-10 09:04:09,106 - xe_line1_robot1:stop
2020-08-10 09:04:13,617 - xe_line1_robot1:stop
2020-08-10 09:04:16,017 - xe_line1_robot1:stop
2020-08-10 09:04:19,345 - xe_line1_robot1:stop
2020-08-10 09:04:22,698 - xe_line1_robot1:stop
2020-08-10 09:04:26,080 - xe_line1_robot1:stop
2020-08-10 09:04:29,465 - xe_line1_robot1:stop
2020-08-10 09:04:32,778 - xe_line1_robot1:stop
2020-08-10 09:04:37,322 - xe_line1_robot1:stop
2020-08-10 09:04:39,698 - xe_line1_robot1:stop
2020-08-10 09:04:43,053 - xe_line1_robot1:stop
2020-08-10 09:04:46,375 - xe_line1_robot1:stop
2020-08-10 09:05:00,012 - xe_line1_robot1:stop
2020-08-10 09:05:00,023 - xe_line1_robot1:stopxe_line1_robot1:stop
2020-08-10 09:05:00,039 - receivd a error msg:xe_line1_robot1:stopxe_line1_robot1:stop
2020-08-10 09:05:00,499 - xe_line1_robot1:stop
2020-08-10 09:05:06,146 - xe_line1_robot1:stop
2020-08-10 09:05:07,701 - xe_line1_robot1:stop
2020-08-10 09:05:11,024 - xe_line1_robot1:stop
2020-08-10 09:05:14,334 - xe_line1_robot1:stop
2020-08-10 09:05:17,657 - xe_line1_robot1:stop
2020-08-10 09:05:20,976 - xe_line1_robot1:stop
2020-08-10 09:05:24,295 - xe_line1_robot1:stop
2020-08-10 09:05:28,732 - xe_line1_robot1:stop
2020-08-10 09:05:31,203 - xe_line1_robot1:stop
2020-08-10 09:05:34,656 - xe_line1_robot1:stop
2020-08-10 09:05:37,965 - xe_line1_robot1:stop
2020-08-10 09:05:41,297 - xe_line1_robot1:stop
2020-08-10 09:05:44,629 - xe_line1_robot1:stop
2020-08-10 09:05:48,005 - xe_line1_robot1:stop
2020-08-10 09:05:51,418 - xe_line1_robot1:stop
2020-08-10 09:05:54,726 - xe_line1_robot1:stop
2020-08-10 09:05:58,092 - xe_line1_robot1:stop
2020-08-10 09:06:01,435 - xe_line1_robot1:stop
2020-08-10 09:06:04,779 - xe_line1_robot1:stop
2020-08-10 09:06:08,088 - xe_line1_robot1:stop
2020-08-10 09:06:11,395 - xe_line1_robot1:stop
2020-08-10 09:06:14,702 - xe_line1_robot1:stop
2020-08-10 09:06:18,031 - xe_line1_robot1:stop
2020-08-10 09:06:21,345 - xe_line1_robot1:stop
2020-08-10 09:06:24,664 - xe_line1_robot1:stop
2020-08-10 09:06:27,983 - xe_line1_robot1:stop
2020-08-10 09:06:31,303 - xe_line1_robot1:stop
2020-08-10 09:06:34,619 - xe_line1_robot1:stop
2020-08-10 09:06:37,967 - xe_line1_robot1:stop
2020-08-10 09:06:41,281 - xe_line1_robot1:stop
2020-08-10 09:06:44,599 - xe_line1_robot1:stop
2020-08-10 09:06:47,973 - xe_line1_robot1:stop
2020-08-10 09:06:51,283 - xe_line1_robot1:stop
2020-08-10 09:06:54,593 - xe_line1_robot1:stop
2020-08-10 09:06:57,921 - xe_line1_robot1:stop
2020-08-10 09:07:01,232 - xe_line1_robot1:stop
2020-08-10 09:07:05,926 - xe_line1_robot1:stop
2020-08-10 09:07:08,140 - xe_line1_robot1:stop
2020-08-10 09:07:11,489 - xe_line1_robot1:stop
2020-08-10 09:07:14,796 - xe_line1_robot1:stop
2020-08-10 09:07:18,120 - xe_line1_robot1:stop
2020-08-10 09:07:21,428 - xe_line1_robot1:stop
2020-08-10 09:07:24,739 - xe_line1_robot1:stop
2020-08-10 09:07:28,051 - xe_line1_robot1:stop
2020-08-10 09:07:35,649 - xe_line1_robot1:stop
2020-08-10 09:07:35,655 - xe_line1_robot1:stop
2020-08-10 09:07:38,563 - xe_line1_robot1:stop
2020-08-10 09:07:41,873 - xe_line1_robot1:stop
2020-08-10 09:07:45,186 - xe_line1_robot1:stop
2020-08-10 09:07:48,564 - xe_line1_robot1:stop
2020-08-10 09:07:51,885 - xe_line1_robot1:stop
2020-08-10 09:07:55,218 - xe_line1_robot1:stop
2020-08-10 09:07:58,574 - xe_line1_robot1:stop
2020-08-10 09:08:01,883 - xe_line1_robot1:stop
2020-08-10 09:08:06,490 - xe_line1_robot1:stop
2020-08-10 09:08:08,793 - xe_line1_robot1:stop
2020-08-10 09:08:12,102 - xe_line1_robot1:stop
2020-08-10 09:08:15,422 - xe_line1_robot1:stop
2020-08-10 09:08:18,731 - xe_line1_robot1:stop
2020-08-10 09:08:22,051 - xe_line1_robot1:stop
2020-08-10 09:08:25,360 - xe_line1_robot1:stop
2020-08-10 09:08:28,707 - xe_line1_robot1:stop
2020-08-10 09:08:32,249 - xe_line1_robot1:stop
2020-08-10 09:08:35,558 - xe_line1_robot1:stop
2020-08-10 09:08:38,918 - xe_line1_robot1:stop
2020-08-10 09:08:42,336 - xe_line1_robot1:stop
2020-08-10 09:08:45,675 - xe_line1_robot1:stop
2020-08-10 09:08:48,983 - xe_line1_robot1:stop
2020-08-10 09:08:52,297 - xe_line1_robot1:stop
2020-08-10 09:08:55,609 - xe_line1_robot1:stop
2020-08-10 09:08:58,917 - xe_line1_robot1:stop
2020-08-10 09:09:02,271 - xe_line1_robot1:stop
2020-08-10 09:09:05,581 - xe_line1_robot1:stop
2020-08-10 09:09:08,887 - xe_line1_robot1:stop
2020-08-10 09:09:12,229 - xe_line1_robot1:stop
2020-08-10 09:09:15,572 - xe_line1_robot1:stop
2020-08-10 09:09:18,880 - xe_line1_robot1:stop
2020-08-10 09:09:22,271 - xe_line1_robot1:stop
2020-08-10 09:09:25,577 - xe_line1_robot1:stop
2020-08-10 09:09:28,884 - xe_line1_robot1:stop
2020-08-10 09:09:33,193 - xe_line1_robot1:stop
2020-08-10 09:09:35,829 - xe_line1_robot1:stop
2020-08-10 09:09:39,135 - xe_line1_robot1:stop
2020-08-10 09:09:42,447 - xe_line1_robot1:stop
2020-08-10 09:09:46,048 - xe_line1_robot1:stop
2020-08-10 09:09:49,433 - xe_line1_robot1:stop
2020-08-10 09:09:52,740 - xe_line1_robot1:stop
2020-08-10 09:09:56,048 - xe_line1_robot1:stop
2020-08-10 09:09:59,355 - xe_line1_robot1:stop
2020-08-10 09:10:02,665 - xe_line1_robot1:stop
2020-08-10 09:10:05,971 - xe_line1_robot1:stop
2020-08-10 09:10:09,284 - xe_line1_robot1:stop
2020-08-10 09:10:12,593 - xe_line1_robot1:stop
2020-08-10 09:10:15,910 - xe_line1_robot1:stop
2020-08-10 09:10:19,233 - xe_line1_robot1:stop
2020-08-10 09:10:22,589 - xe_line1_robot1:stop
2020-08-10 09:10:25,896 - xe_line1_robot1:stop
2020-08-10 09:10:29,206 - xe_line1_robot1:stop
2020-08-10 09:10:32,520 - xe_line1_robot1:stop
2020-08-10 09:10:35,835 - xe_line1_robot1:stop
2020-08-10 09:10:39,204 - xe_line1_robot1:stop
2020-08-10 09:10:42,517 - xe_line1_robot1:stop
2020-08-10 09:10:45,846 - xe_line1_robot1:stop
2020-08-10 09:10:49,155 - xe_line1_robot1:stop
2020-08-10 09:10:52,461 - xe_line1_robot1:stop
2020-08-10 09:10:55,771 - xe_line1_robot1:stop
2020-08-10 09:10:59,097 - xe_line1_robot1:stop
2020-08-10 09:11:02,409 - xe_line1_robot1:stop
2020-08-10 09:11:05,739 - xe_line1_robot1:stop
2020-08-10 09:11:09,210 - xe_line1_robot1:stop
2020-08-10 09:11:12,518 - xe_line1_robot1:stop
2020-08-10 09:11:16,124 - xe_line1_robot1:stop
2020-08-10 09:11:19,438 - xe_line1_robot1:stop
2020-08-10 09:11:22,751 - xe_line1_robot1:stop
2020-08-10 09:11:26,143 - xe_line1_robot1:stop
2020-08-10 09:11:29,456 - xe_line1_robot1:stop
2020-08-10 09:11:32,764 - xe_line1_robot1:stop
2020-08-10 09:11:36,070 - xe_line1_robot1:stop
2020-08-10 09:11:39,378 - xe_line1_robot1:stop
2020-08-10 09:11:42,689 - xe_line1_robot1:stop
2020-08-10 09:11:45,997 - xe_line1_robot1:stop
2020-08-10 09:11:49,303 - xe_line1_robot1:stop
2020-08-10 09:11:52,609 - xe_line1_robot1:stop
2020-08-10 09:11:55,916 - xe_line1_robot1:stop
2020-08-10 09:11:59,226 - xe_line1_robot1:stop
2020-08-10 09:12:02,733 - xe_line1_robot1:stop
2020-08-10 09:12:06,127 - xe_line1_robot1:stop
2020-08-10 09:12:09,439 - xe_line1_robot1:stop
2020-08-10 09:12:12,746 - xe_line1_robot1:stop
2020-08-10 09:12:16,052 - xe_line1_robot1:stop
2020-08-10 09:12:19,359 - xe_line1_robot1:stop
2020-08-10 09:12:22,665 - xe_line1_robot1:stop
2020-08-10 09:12:25,995 - xe_line1_robot1:stop
2020-08-10 09:12:29,318 - xe_line1_robot1:stop
2020-08-10 09:12:32,625 - xe_line1_robot1:stop
2020-08-10 09:12:35,961 - xe_line1_robot1:stop
2020-08-10 09:12:40,707 - xe_line1_robot1:stop
2020-08-10 09:12:42,874 - xe_line1_robot1:stop
2020-08-10 09:12:46,225 - xe_line1_robot1:stop
2020-08-10 09:12:49,536 - xe_line1_robot1:stop
2020-08-10 09:12:52,842 - xe_line1_robot1:stop
2020-08-10 09:12:56,150 - xe_line1_robot1:stop
2020-08-10 09:12:59,469 - xe_line1_robot1:stop
2020-08-10 09:13:02,788 - xe_line1_robot1:stop
2020-08-10 09:13:06,104 - xe_line1_robot1:stop
2020-08-10 09:13:09,415 - xe_line1_robot1:stop
2020-08-10 09:13:12,732 - xe_line1_robot1:stop
2020-08-10 09:13:16,051 - xe_line1_robot1:stop
2020-08-10 09:13:19,400 - xe_line1_robot1:stop
2020-08-10 09:13:22,706 - xe_line1_robot1:stop
2020-08-10 09:13:26,031 - xe_line1_robot1:stop
2020-08-10 09:13:29,340 - xe_line1_robot1:stop
2020-08-10 09:13:32,671 - xe_line1_robot1:stop
2020-08-10 09:13:36,003 - xe_line1_robot1:stop
2020-08-10 09:13:39,318 - xe_line1_robot1:stop
2020-08-10 09:13:42,625 - xe_line1_robot1:stop
2020-08-10 09:13:45,974 - xe_line1_robot1:stop
2020-08-10 09:13:49,310 - xe_line1_robot1:stop
2020-08-10 09:13:53,754 - xe_line1_robot1:stop
2020-08-10 09:13:56,219 - xe_line1_robot1:stop
2020-08-10 09:13:59,586 - xe_line1_robot1:stop
2020-08-10 09:14:02,897 - xe_line1_robot1:stop
2020-08-10 09:14:06,206 - xe_line1_robot1:stop
2020-08-10 09:14:09,525 - xe_line1_robot1:stop
2020-08-10 09:14:13,977 - xe_line1_robot1:stop
2020-08-10 09:14:17,458 - xe_line1_robot1:stop
2020-08-10 09:14:21,464 - xe_line1_robot1:stop
2020-08-10 09:14:23,654 - xe_line1_robot1:stop
2020-08-10 09:14:29,584 - xe_line1_robot1:stop
2020-08-10 09:14:32,563 - xe_line1_robot1:stop
2020-08-10 09:14:35,553 - xe_line1_robot1:stop
2020-08-10 09:14:38,064 - xe_line1_robot1:stop
2020-08-10 09:14:41,382 - xe_line1_robot1:stop
2020-08-10 09:14:49,177 - xe_line1_robot1:stop
2020-08-10 09:14:49,197 - xe_line1_robot1:stop
2020-08-10 09:15:14,416 - xe_line1_robot1:stop
2020-08-10 09:15:14,420 - xe_line1_robot1:stopxe_line1_robot1:stopxe_line1_robot1:stopxe_line1_robot1:stopxe_line1_robot1:stopxe_line1_robot1:stop
2020-08-10 09:15:14,441 - receivd a error msg:xe_line1_robot1:stopxe_line1_robot1:stopxe_line1_robot1:stopxe_line1_robot1:stopxe_line1_robot1:stopxe_line1_robot1:stop
2020-08-10 09:15:17,170 - xe_line1_robot1:stop
2020-08-10 09:15:20,480 - xe_line1_robot1:stop
2020-08-10 09:15:23,794 - xe_line1_robot1:stop
2020-08-10 09:15:28,507 - xe_line1_robot1:stop
2020-08-10 09:15:30,710 - xe_line1_robot1:stop
2020-08-10 09:18:41,637 - param initialize
2020-08-10 09:18:41,669 - server initialize
2020-08-10 09:18:41,683 - timer initialize
2020-08-10 09:18:41,692 - mysql initialize
2020-08-10 09:26:59,022 - a new connection from 192.168.16.101
2020-08-10 09:26:59,028 - xe_line1_robot1:check
2020-08-10 09:26:59,065 - xe_line1_robot1 alter robot state to check
2020-08-10 09:29:32,383 - param initialize
2020-08-10 09:29:32,413 - server initialize
2020-08-10 09:29:32,426 - timer initialize
2020-08-10 09:29:32,446 - mysql initialize
2020-08-10 09:29:33,368 - a new connection from 192.168.16.101
2020-08-10 09:29:33,384 - xe_line1_robot1:check
2020-08-10 09:29:33,410 - xe_line1_robot1 alter robot state to check
2020-08-10 09:31:32,444 - xe_line1_robot1 alter robot state to offline!
2020-08-10 09:31:32,484 - close the connection with 192.168.16.101
2020-08-10 09:31:41,730 - a new connection from 192.168.16.101
2020-08-10 09:31:44,268 - xe_line1_robot1:check
2020-08-10 09:31:44,318 - xe_line1_robot1 alter robot state to check
2020-08-10 09:33:32,452 - xe_line1_robot1 alter robot state to offline!
2020-08-10 09:33:32,489 - close the connection with 192.168.16.101
2020-08-10 09:33:33,566 - a new connection from 192.168.16.101
2020-08-10 09:33:33,569 - xe_line1_robot1:check
2020-08-10 09:33:33,588 - xe_line1_robot1 alter robot state to check
2020-08-10 09:35:32,448 - xe_line1_robot1 alter robot state to offline!
2020-08-10 09:35:32,509 - close the connection with 192.168.16.101
2020-08-10 09:35:35,302 - a new connection from 192.168.16.101
2020-08-10 09:35:35,305 - xe_line1_robot1:check
2020-08-10 09:35:35,335 - xe_line1_robot1 alter robot state to check
2020-08-10 09:37:32,449 - xe_line1_robot1 alter robot state to offline!
2020-08-10 09:37:32,492 - close the connection with 192.168.16.101
2020-08-10 09:37:32,530 - a new connection from 192.168.16.101
2020-08-10 09:37:32,536 - xe_line1_robot1:check
2020-08-10 09:37:32,564 - xe_line1_robot1 alter robot state to check
2020-08-10 09:39:32,442 - xe_line1_robot1 alter robot state to offline!
2020-08-10 09:39:32,482 - close the connection with 192.168.16.101
2020-08-10 09:39:32,535 - a new connection from 192.168.16.101
2020-08-10 09:39:32,536 - xe_line1_robot1:check
2020-08-10 09:39:32,546 - xe_line1_robot1 alter robot state to check
2020-08-10 09:41:32,443 - xe_line1_robot1 alter robot state to offline!
2020-08-10 09:41:32,520 - close the connection with 192.168.16.101
2020-08-10 09:41:32,558 - a new connection from 192.168.16.101
2020-08-10 09:41:32,559 - xe_line1_robot1:check
2020-08-10 09:41:32,580 - xe_line1_robot1 alter robot state to check
2020-08-10 09:43:32,446 - xe_line1_robot1 alter robot state to offline!
2020-08-10 09:43:32,491 - close the connection with 192.168.16.101
2020-08-10 09:43:32,511 - a new connection from 192.168.16.101
2020-08-10 09:43:32,512 - xe_line1_robot1:check
2020-08-10 09:43:32,529 - xe_line1_robot1 alter robot state to check
2020-08-10 09:45:06,694 - a new connection from 192.168.16.101
2020-08-10 09:45:09,387 - xe_line1_robot1:check
2020-08-10 09:45:09,704 - xe_line1_robot1:ota
2020-08-10 09:46:32,443 - xe_line1_robot1 alter robot state to offline!
2020-08-10 09:46:32,497 - close the connection with 192.168.16.101
2020-08-10 09:46:32,539 - a new connection from 192.168.16.101
2020-08-10 09:46:32,540 - xe_line1_robot1:check
2020-08-10 09:46:32,576 - xe_line1_robot1 alter robot state to check
2020-08-10 09:47:44,384 - a new connection from 192.168.16.101
2020-08-10 09:47:44,386 - xe_line1_robot1:check
2020-08-10 09:47:44,409 - xe_line1_robot1:ota
2020-08-10 09:48:44,293 - param initialize
2020-08-10 09:48:44,317 - server initialize
2020-08-10 09:48:44,326 - timer initialize
2020-08-10 09:48:44,327 - mysql initialize
2020-08-10 09:48:46,382 - a new connection from 192.168.16.101
2020-08-10 09:48:46,386 - xe_line1_robot1:check
2020-08-10 09:48:46,406 - xe_line1_robot1 alter robot state to check
2020-08-10 09:50:44,318 - xe_line1_robot1 alter robot state to offline!
2020-08-10 09:50:44,332 - close the connection with 192.168.16.101
2020-08-10 09:50:44,349 - a new connection from 192.168.16.101
2020-08-10 09:50:44,352 - xe_line1_robot1:check
2020-08-10 09:50:44,367 - xe_line1_robot1 alter robot state to check
2020-08-10 09:51:49,880 - a new connection from 192.168.16.101
2020-08-10 09:51:49,882 - xe_line1_robot1:check
2020-08-10 09:51:49,900 - xe_line1_robot1:ota
2020-08-10 09:53:44,317 - xe_line1_robot1 alter robot state to offline!
2020-08-10 09:53:44,333 - close the connection with 192.168.16.101
2020-08-10 09:53:44,372 - a new connection from 192.168.16.101
2020-08-10 09:53:44,380 - xe_line1_robot1:check
2020-08-10 09:53:44,396 - xe_line1_robot1 alter robot state to check
2020-08-10 09:55:44,328 - xe_line1_robot1 alter robot state to offline!
2020-08-10 09:55:44,345 - close the connection with 192.168.16.101
2020-08-10 09:55:44,537 - a new connection from 192.168.16.101
2020-08-10 09:55:44,539 - xe_line1_robot1:check
2020-08-10 09:55:44,552 - xe_line1_robot1 alter robot state to check
2020-08-10 09:57:44,322 - xe_line1_robot1 alter robot state to offline!
2020-08-10 09:57:44,348 - close the connection with 192.168.16.101
2020-08-10 09:57:44,389 - a new connection from 192.168.16.101
2020-08-10 09:57:44,391 - xe_line1_robot1:check
2020-08-10 09:57:44,405 - xe_line1_robot1 alter robot state to check
2020-08-10 09:59:44,324 - xe_line1_robot1 alter robot state to offline!
2020-08-10 09:59:44,341 - close the connection with 192.168.16.101
2020-08-10 09:59:44,377 - a new connection from 192.168.16.101
2020-08-10 09:59:44,379 - xe_line1_robot1:check
2020-08-10 09:59:44,396 - xe_line1_robot1 alter robot state to check
2020-08-10 10:01:44,319 - xe_line1_robot1 alter robot state to offline!
2020-08-10 10:01:44,333 - close the connection with 192.168.16.101
2020-08-10 10:07:01,393 - a new connection from 192.168.16.101
2020-08-10 10:07:01,395 - xe_line1_robot1:check
2020-08-10 10:07:01,411 - xe_line1_robot1 alter robot state to check
2020-08-10 10:07:01,428 - xe_line1_robot1:ota
2020-08-10 10:07:16,469 - xe_line1_robot1:check
2020-08-10 10:07:31,818 - xe_line1_robot1:check
2020-08-10 10:07:47,144 - xe_line1_robot1:check
2020-08-10 10:08:02,478 - xe_line1_robot1:check
2020-08-10 10:08:17,820 - xe_line1_robot1:check
2020-08-10 10:08:33,135 - xe_line1_robot1:check
2020-08-10 10:08:48,452 - xe_line1_robot1:check
2020-08-10 10:09:03,785 - xe_line1_robot1:check
2020-08-10 10:09:19,167 - xe_line1_robot1:check
2020-08-10 10:09:34,506 - xe_line1_robot1:check
2020-08-10 10:09:49,826 - xe_line1_robot1:check
2020-08-10 10:10:05,137 - xe_line1_robot1:check
2020-08-10 10:10:50,805 - a new connection from 192.168.16.101
2020-08-10 10:10:50,807 - xe_line1_robot1:check
2020-08-10 10:10:50,824 - xe_line1_robot1:ota
2020-08-10 10:11:08,633 - xe_line1_robot1:check
2020-08-10 10:11:21,465 - xe_line1_robot1:check
2020-08-10 10:11:36,828 - xe_line1_robot1:check
2020-08-10 10:11:52,152 - xe_line1_robot1:check
2020-08-10 10:12:07,468 - xe_line1_robot1:check
2020-08-10 10:12:22,782 - xe_line1_robot1:check
2020-08-10 10:12:38,098 - xe_line1_robot1:check
2020-08-10 10:12:53,417 - xe_line1_robot1:check
2020-08-10 10:13:08,729 - xe_line1_robot1:check
2020-08-10 10:13:24,050 - xe_line1_robot1:check
2020-08-10 10:13:39,364 - xe_line1_robot1:check
2020-08-10 10:13:54,677 - xe_line1_robot1:check
2020-08-10 10:14:10,022 - xe_line1_robot1:check
2020-08-10 10:14:25,367 - xe_line1_robot1:check
2020-08-10 10:14:40,687 - xe_line1_robot1:check
2020-08-10 10:14:57,094 - xe_line1_robot1:check
2020-08-10 10:15:11,614 - xe_line1_robot1:check
2020-08-10 10:15:26,926 - xe_line1_robot1:check
2020-08-10 10:15:42,263 - xe_line1_robot1:check
2020-08-10 10:15:57,577 - xe_line1_robot1:check
2020-08-10 10:16:12,891 - xe_line1_robot1:check
2020-08-10 10:16:28,226 - xe_line1_robot1:check
2020-08-10 10:16:43,540 - xe_line1_robot1:check
2020-08-10 10:17:04,924 - param initialize
2020-08-10 10:17:04,969 - server initialize
2020-08-10 10:17:04,979 - timer initialize
2020-08-10 10:17:04,980 - mysql initialize
2020-08-10 10:17:06,334 - a new connection from 192.168.16.101
2020-08-10 10:17:06,338 - xe_line1_robot1:check
2020-08-10 10:17:06,356 - xe_line1_robot1 alter robot state to check
2020-08-10 10:17:06,389 - xe_line1_robot1:monitor
2020-08-10 10:17:09,400 - xe_line1_robot1:stop
2020-08-10 10:17:09,417 - xe_line1_robot1 alter robot state to stop
2020-08-10 10:17:24,733 - xe_line1_robot1:stop
2020-08-10 10:17:40,047 - xe_line1_robot1:stop
2020-08-10 10:17:55,363 - xe_line1_robot1:stop
2020-08-10 10:18:10,690 - xe_line1_robot1:stop
2020-08-10 10:18:42,507 - param initialize
2020-08-10 10:18:42,536 - server initialize
2020-08-10 10:18:42,556 - timer initialize
2020-08-10 10:18:42,561 - mysql initialize
2020-08-10 10:18:43,248 - a new connection from 192.168.16.101
2020-08-10 10:18:43,252 - xe_line1_robot1:check
2020-08-10 10:18:43,303 - xe_line1_robot1 alter robot state to check
2020-08-10 10:18:43,513 - xe_line1_robot1:ota
2020-08-10 10:18:52,148 - a new connection from 192.168.16.101
2020-08-10 10:18:52,152 - xe_line1_robot1:check
2020-08-10 10:19:06,870 - xe_line1_robot1:check
2020-08-10 10:19:41,889 - a new connection from 192.168.16.101
2020-08-10 10:19:41,892 - xe_line1_robot1:check
2020-08-10 10:19:41,903 - xe_line1_robot1:ota
2020-08-10 10:19:56,950 - xe_line1_robot1:check
2020-08-10 10:20:12,279 - xe_line1_robot1:check
2020-08-10 10:20:27,594 - xe_line1_robot1:check
2020-08-10 10:20:42,909 - xe_line1_robot1:check
2020-08-10 10:20:58,224 - xe_line1_robot1:check
2020-08-10 10:21:13,542 - xe_line1_robot1:check
2020-08-10 10:21:28,857 - xe_line1_robot1:check
2020-08-10 10:21:44,218 - xe_line1_robot1:check
2020-08-10 10:21:59,533 - xe_line1_robot1:check
2020-08-10 10:22:14,858 - xe_line1_robot1:check
2020-08-10 10:22:30,181 - xe_line1_robot1:check
2020-08-10 10:22:45,499 - xe_line1_robot1:check
2020-08-10 10:23:01,110 - xe_line1_robot1:check
2020-08-10 10:23:16,435 - xe_line1_robot1:check
2020-08-10 10:23:33,090 - xe_line1_robot1:check
2020-08-10 10:23:47,362 - xe_line1_robot1:check
2020-08-10 10:24:02,676 - xe_line1_robot1:check
2020-08-10 10:24:17,989 - xe_line1_robot1:check
2020-08-10 10:24:37,487 - xe_line1_robot1:check
2020-08-10 10:24:48,920 - xe_line1_robot1:check
2020-08-10 10:25:04,233 - xe_line1_robot1:check
2020-08-10 10:25:08,774 - a new connection from 192.168.16.115
2020-08-10 10:25:08,776 - xe_line3_ultra:check
2020-08-10 10:25:08,792 - xe_line3_ultra alter robot state to check
2020-08-10 10:25:08,822 - xe_line3_ultra:ota
2020-08-10 10:25:19,564 - xe_line1_robot1:check
2020-08-10 10:25:23,859 - xe_line3_ultra:check
2020-08-10 10:25:34,888 - xe_line1_robot1:check
2020-08-10 10:25:39,184 - xe_line3_ultra:check
2020-08-10 10:25:50,226 - xe_line1_robot1:check
2020-08-10 10:25:50,582 - a new connection from 192.168.16.115
2020-08-10 10:25:50,585 - xe_line3_ultra:check
2020-08-10 10:25:50,604 - xe_line3_ultra:ota
2020-08-10 10:26:05,559 - xe_line1_robot1:check
2020-08-10 10:26:05,641 - xe_line3_ultra:check
2020-08-10 10:26:20,880 - xe_line1_robot1:check
2020-08-10 10:26:20,971 - xe_line3_ultra:check
2020-08-10 10:26:36,223 - xe_line1_robot1:check
2020-08-10 10:26:36,288 - xe_line3_ultra:check
2020-08-10 10:26:51,538 - xe_line1_robot1:check
2020-08-10 10:26:51,605 - xe_line3_ultra:check
2020-08-10 10:27:06,857 - xe_line1_robot1:check
2020-08-10 10:27:06,952 - xe_line3_ultra:check
2020-08-10 10:27:22,301 - xe_line3_ultra:check
2020-08-10 10:27:23,632 - xe_line1_robot1:check
2020-08-10 10:27:37,811 - xe_line1_robot1:check
2020-08-10 10:27:39,035 - xe_line3_ultra:check
2020-08-10 10:27:54,632 - xe_line3_ultra:check
2020-08-10 10:27:57,306 - xe_line1_robot1:check
2020-08-10 10:28:08,759 - xe_line1_robot1:check
2020-08-10 10:28:08,832 - xe_line3_ultra:check
2020-08-10 10:28:24,091 - xe_line1_robot1:check
2020-08-10 10:28:24,160 - xe_line3_ultra:check
2020-08-10 10:28:39,412 - xe_line1_robot1:check
2020-08-10 10:28:39,541 - xe_line3_ultra:check
2020-08-10 10:28:54,918 - xe_line3_ultra:check
2020-08-10 10:28:58,823 - xe_line1_robot1:check
2020-08-10 10:29:10,264 - xe_line3_ultra:check
2020-08-10 10:29:10,371 - xe_line1_robot1:check
2020-08-10 10:29:26,658 - xe_line3_ultra:check
2020-08-10 10:29:27,075 - xe_line1_robot1:check
2020-08-10 10:29:41,315 - xe_line1_robot1:check
2020-08-10 10:29:45,354 - xe_line3_ultra:check
2020-08-10 10:29:56,683 - xe_line1_robot1:check
2020-08-10 10:29:57,902 - xe_line3_ultra:check
2020-08-10 10:30:12,012 - xe_line1_robot1:check
2020-08-10 10:30:12,443 - xe_line3_ultra:check
2020-08-10 10:30:27,326 - xe_line1_robot1:check
2020-08-10 10:30:27,756 - xe_line3_ultra:check
2020-08-10 10:30:42,645 - xe_line1_robot1:check
2020-08-10 10:30:43,074 - xe_line3_ultra:check
2020-08-10 10:30:57,993 - xe_line1_robot1:check
2020-08-10 10:30:58,409 - xe_line3_ultra:check
2020-08-10 10:31:25,731 - param initialize
2020-08-10 10:31:25,772 - server initialize
2020-08-10 10:31:25,787 - timer initialize
2020-08-10 10:31:25,790 - mysql initialize
2020-08-10 10:31:26,392 - a new connection from 192.168.16.115
2020-08-10 10:31:26,398 - xe_line3_ultra:check
2020-08-10 10:31:26,432 - xe_line3_ultra alter robot state to check
2020-08-10 10:31:26,481 - a new connection from 192.168.16.101
2020-08-10 10:31:26,487 - xe_line1_robot1:check
2020-08-10 10:31:26,500 - xe_line1_robot1 alter robot state to check
2020-08-10 10:31:36,123 - xe_line1_robot1:check
2020-08-10 10:31:36,346 - xe_line3_ultra:check
2020-08-10 10:31:51,438 - xe_line1_robot1:check
2020-08-10 10:31:51,703 - xe_line3_ultra:check
2020-08-10 10:32:06,755 - xe_line1_robot1:check
2020-08-10 10:32:07,021 - xe_line3_ultra:check
2020-08-10 10:32:22,336 - xe_line3_ultra:check
2020-08-10 10:32:23,465 - xe_line1_robot1:check
2020-08-10 10:32:37,649 - xe_line3_ultra:check
2020-08-10 10:32:37,689 - xe_line1_robot1:check
2020-08-10 10:32:52,967 - xe_line3_ultra:check
2020-08-10 10:32:53,011 - xe_line1_robot1:check
2020-08-10 10:33:08,293 - xe_line3_ultra:check
2020-08-10 10:33:08,353 - xe_line1_robot1:check
2020-08-10 10:33:23,611 - xe_line3_ultra:check
2020-08-10 10:33:23,667 - xe_line1_robot1:check
2020-08-10 10:33:38,936 - xe_line3_ultra:check
2020-08-10 10:33:38,993 - xe_line1_robot1:check
2020-08-10 10:33:54,308 - xe_line3_ultra:check
2020-08-10 10:33:54,330 - xe_line1_robot1:check
2020-08-10 10:34:09,698 - xe_line3_ultra:check
2020-08-10 10:34:11,094 - xe_line1_robot1:check
2020-08-10 10:34:25,040 - xe_line3_ultra:check
2020-08-10 10:34:25,257 - xe_line1_robot1:check
2020-08-10 10:34:40,353 - xe_line3_ultra:check
2020-08-10 10:34:40,624 - xe_line1_robot1:check
2020-08-10 10:34:55,668 - xe_line3_ultra:check
2020-08-10 10:34:55,942 - xe_line1_robot1:check
2020-08-10 10:35:10,987 - xe_line3_ultra:check
2020-08-10 10:35:11,260 - xe_line1_robot1:check
2020-08-10 10:35:26,302 - xe_line3_ultra:check
2020-08-10 10:35:26,574 - xe_line1_robot1:check
2020-08-10 10:35:41,626 - xe_line3_ultra:check
2020-08-10 10:35:41,888 - xe_line1_robot1:check
2020-08-10 10:35:56,940 - xe_line3_ultra:check
2020-08-10 10:35:57,209 - xe_line1_robot1:check
2020-08-10 10:36:12,255 - xe_line3_ultra:check
2020-08-10 10:36:12,523 - xe_line1_robot1:check
2020-08-10 10:36:27,570 - xe_line3_ultra:check
2020-08-10 10:36:27,837 - xe_line1_robot1:check
2020-08-10 10:40:47,519 - param initialize
2020-08-10 10:40:47,547 - server initialize
2020-08-10 10:40:47,557 - timer initialize
2020-08-10 10:40:47,560 - mysql initialize
2020-08-10 10:40:48,246 - a new connection from 192.168.16.101
2020-08-10 10:40:48,269 - xe_line1_robot1 alter robot state to check
2020-08-10 10:40:48,915 - a new connection from 192.168.16.115
2020-08-10 10:40:48,934 - xe_line3_ultra alter robot state to check
2020-08-10 10:42:41,618 - param initialize
2020-08-10 10:42:41,651 - server initialize
2020-08-10 10:42:41,663 - timer initialize
2020-08-10 10:42:41,671 - mysql initialize
2020-08-10 10:42:43,106 - a new connection from 192.168.16.101
2020-08-10 10:42:43,158 - xe_line1_robot1 alter robot state to check
2020-08-10 10:42:46,195 - a new connection from 192.168.16.115
2020-08-10 10:42:46,225 - xe_line3_ultra alter robot state to check
2020-08-10 10:43:28,716 - param initialize
2020-08-10 10:43:28,743 - server initialize
2020-08-10 10:43:28,753 - timer initialize
2020-08-10 10:43:28,757 - mysql initialize
2020-08-10 10:43:31,159 - a new connection from 192.168.16.101
2020-08-10 10:43:31,193 - xe_line1_robot1 alter robot state to check
2020-08-10 10:43:31,216 - a new connection from 192.168.16.115
2020-08-10 10:43:31,236 - xe_line3_ultra alter robot state to check
2020-08-10 11:14:57,329 - param initialize
2020-08-10 11:14:57,381 - server initialize
2020-08-10 11:14:57,391 - timer initialize
2020-08-10 11:14:57,394 - mysql initialize
2020-08-10 11:14:58,350 - a new connection from 192.168.16.101
2020-08-10 11:14:58,352 - a new connection from 192.168.16.115
2020-08-10 11:14:58,376 - xe_line3_ultra alter robot state to check
2020-08-10 11:14:58,416 - xe_line1_ultra alter robot state to check
2020-08-10 11:25:41,041 - param initialize
2020-08-10 11:25:41,080 - server initialize
2020-08-10 11:25:41,097 - timer initialize
2020-08-10 11:25:41,102 - mysql initialize
2020-08-10 13:01:11,422 - param initialize
2020-08-10 13:01:11,452 - server initialize
2020-08-10 13:01:11,473 - timer initialize
2020-08-10 13:01:11,475 - mysql initialize
2020-08-10 13:16:35,221 - param initialize
2020-08-10 13:16:35,250 - server initialize
2020-08-10 13:16:35,260 - timer initialize
2020-08-10 13:16:35,269 - mysql initialize
2020-08-10 13:17:27,253 - param initialize
2020-08-10 13:17:27,282 - server initialize
2020-08-10 13:17:27,291 - timer initialize
2020-08-10 13:17:27,295 - mysql initialize
2020-08-10 13:17:48,496 - param initialize
2020-08-10 13:17:48,530 - server initialize
2020-08-10 13:17:48,542 - timer initialize
2020-08-10 13:17:48,547 - mysql initialize
2020-08-10 13:19:48,500 - a new connection from 192.168.16.101
2020-08-10 13:19:48,569 - xe_line1_ultra alter robot state to check
2020-08-10 13:19:51,594 - xe_line1_ultra alter robot state to stop
2020-08-10 13:22:56,198 - param initialize
2020-08-10 13:22:56,231 - server initialize
2020-08-10 13:22:56,243 - timer initialize
2020-08-10 13:22:56,251 - mysql initialize
2020-08-10 13:22:58,844 - a new connection from 192.168.16.101
2020-08-10 13:22:58,912 - xe_line1_ultra alter robot state to check
2020-08-10 13:23:02,043 - xe_line1_ultra alter robot state to stop
2020-08-10 13:24:05,120 - param initialize
2020-08-10 13:24:05,154 - server initialize
2020-08-10 13:24:05,170 - timer initialize
2020-08-10 13:24:05,179 - mysql initialize
2020-08-10 13:24:06,783 - a new connection from 192.168.16.101
2020-08-10 13:24:06,826 - xe_line1_ultra alter robot state to check
2020-08-10 13:24:20,140 - xe_line1_ultra alter robot state to stop
2020-08-10 13:34:21,884 - param initialize
2020-08-10 13:34:21,933 - server initialize
2020-08-10 13:34:21,951 - timer initialize
2020-08-10 13:34:22,030 - mysql initialize
2020-08-10 13:34:22,385 - a new connection from 192.168.16.101
2020-08-10 13:34:22,786 - xe_line1_ultra alter robot state to check
2020-08-10 13:34:27,551 - xe_line1_ultra alter robot state to stop
2020-08-10 13:41:51,076 - param initialize
2020-08-10 13:41:51,106 - server initialize
2020-08-10 13:41:51,122 - timer initialize
2020-08-10 13:41:51,131 - mysql initialize
2020-08-10 13:41:53,242 - a new connection from 192.168.16.101
2020-08-10 13:41:53,282 - xe_line1_ultra alter robot state to check
2020-08-10 13:41:56,330 - xe_line1_ultra alter robot state to stop
2020-08-10 13:44:14,268 - param initialize
2020-08-10 13:44:14,308 - server initialize
2020-08-10 13:44:14,318 - timer initialize
2020-08-10 13:44:14,321 - mysql initialize
2020-08-10 13:44:16,466 - a new connection from 192.168.16.101
2020-08-10 13:44:16,498 - xe_line1_ultra alter robot state to check
2020-08-10 13:44:30,089 - xe_line1_ultra alter robot state to stop
2020-08-10 13:45:17,455 - param initialize
2020-08-10 13:45:17,483 - server initialize
2020-08-10 13:45:17,493 - timer initialize
2020-08-10 13:45:17,498 - mysql initialize
2020-08-10 13:45:18,836 - a new connection from 192.168.16.101
2020-08-10 13:45:18,867 - xe_line1_ultra alter robot state to check
2020-08-10 13:45:28,430 - xe_line1_ultra alter robot state to stop
2020-08-10 13:45:59,191 - param initialize
2020-08-10 13:45:59,224 - server initialize
2020-08-10 13:45:59,236 - timer initialize
2020-08-10 13:45:59,244 - mysql initialize
2020-08-10 13:46:02,161 - a new connection from 192.168.16.101
2020-08-10 13:46:02,193 - xe_line1_ultra alter robot state to check
2020-08-10 13:46:09,814 - xe_line1_ultra alter robot state to stop
2020-08-10 13:47:24,676 - a new connection from 192.168.16.107
2020-08-10 13:47:24,707 - xe_line3_ultra alter robot state to check
2020-08-10 13:47:27,761 - xe_line3_ultra alter robot state to stop
2020-08-10 13:50:01,456 - param initialize
2020-08-10 13:50:01,487 - server initialize
2020-08-10 13:50:01,498 - timer initialize
2020-08-10 13:50:01,508 - mysql initialize
2020-08-10 13:50:03,196 - a new connection from 192.168.16.101
2020-08-10 13:50:03,232 - xe_line1_ultra alter robot state to check
2020-08-10 13:50:03,237 - a new connection from 192.168.16.107
2020-08-10 13:50:03,259 - xe_line3_ultra alter robot state to check
2020-08-10 13:50:04,158 - xe_line1_ultra alter robot state to stop
2020-08-10 13:50:08,117 - xe_line3_ultra alter robot state to stop
2020-08-10 13:57:41,537 - param initialize
2020-08-10 13:57:41,568 - server initialize
2020-08-10 13:57:41,579 - timer initialize
2020-08-10 13:57:41,586 - mysql initialize
2020-08-10 13:57:42,865 - a new connection from 192.168.16.101
2020-08-10 13:57:42,893 - xe_line1_ultra alter robot state to check
2020-08-10 13:57:42,966 - a new connection from 192.168.16.107
2020-08-10 13:57:42,987 - xe_line3_ultra alter robot state to check
2020-08-10 13:57:48,394 - xe_line1_ultra alter robot state to stop
2020-08-10 13:57:50,239 - xe_line3_ultra alter robot state to stop
2020-08-10 13:57:58,795 - param initialize
2020-08-10 13:57:58,833 - server initialize
2020-08-10 13:57:58,846 - timer initialize
2020-08-10 13:57:58,849 - mysql initialize
2020-08-10 13:58:01,016 - a new connection from 192.168.16.107
2020-08-10 13:58:01,055 - xe_line3_ultra alter robot state to check
2020-08-10 13:58:01,207 - a new connection from 192.168.16.101
2020-08-10 13:58:01,240 - xe_line1_ultra alter robot state to check
2020-08-10 13:58:24,459 - param initialize
2020-08-10 13:58:24,503 - server initialize
2020-08-10 13:58:24,515 - timer initialize
2020-08-10 13:58:24,519 - mysql initialize
2020-08-10 13:58:25,619 - a new connection from 192.168.16.101
2020-08-10 13:58:25,652 - xe_line1_ultra alter robot state to check
2020-08-10 13:58:25,702 - a new connection from 192.168.16.107
2020-08-10 13:58:25,716 - xe_line3_ultra alter robot state to check
2020-08-10 13:58:29,886 - xe_line1_ultra alter robot state to stop
2020-08-10 13:58:33,876 - xe_line3_ultra alter robot state to stop
2020-08-10 13:58:49,838 - param initialize
2020-08-10 13:58:49,866 - server initialize
2020-08-10 13:58:49,880 - timer initialize
2020-08-10 13:58:49,885 - mysql initialize
2020-08-10 13:58:50,510 - a new connection from 192.168.16.101
2020-08-10 13:58:50,538 - xe_line1_ultra alter robot state to check
2020-08-10 13:58:50,597 - a new connection from 192.168.16.107
2020-08-10 13:58:50,617 - xe_line3_ultra alter robot state to check
2020-08-10 14:00:24,276 - param initialize
2020-08-10 14:00:24,311 - server initialize
2020-08-10 14:00:24,322 - timer initialize
2020-08-10 14:00:24,331 - mysql initialize
2020-08-10 14:00:24,565 - a new connection from 192.168.16.107
2020-08-10 14:00:24,871 - xe_line3_ultra alter robot state to check
2020-08-10 14:00:25,524 - a new connection from 192.168.16.101
2020-08-10 14:00:25,557 - xe_line1_ultra alter robot state to check
2020-08-10 14:00:27,511 - xe_line3_ultra alter robot state to stop
2020-08-10 14:00:28,604 - xe_line1_ultra alter robot state to stop
2020-08-10 14:00:59,550 - param initialize
2020-08-10 14:00:59,583 - server initialize
2020-08-10 14:00:59,597 - timer initialize
2020-08-10 14:00:59,599 - mysql initialize
2020-08-10 14:01:00,291 - a new connection from 192.168.16.101
2020-08-10 14:01:00,323 - xe_line1_ultra alter robot state to check
2020-08-10 14:01:02,318 - a new connection from 192.168.16.107
2020-08-10 14:01:02,339 - xe_line3_ultra alter robot state to check
2020-08-10 14:01:02,508 - xe_line1_ultra alter robot state to stop
2020-08-10 14:01:03,887 - xe_line3_ultra alter robot state to stop
2020-08-10 14:01:39,993 - param initialize
2020-08-10 14:01:40,042 - server initialize
2020-08-10 14:01:40,058 - timer initialize
2020-08-10 14:01:40,061 - mysql initialize
2020-08-10 14:01:42,720 - a new connection from 192.168.16.107
2020-08-10 14:01:42,752 - xe_line3_ultra alter robot state to check
2020-08-10 14:01:42,809 - a new connection from 192.168.16.101
2020-08-10 14:01:42,818 - xe_line1_ultra alter robot state to check
2020-08-10 14:01:54,291 - xe_line1_ultra alter robot state to stop
2020-08-10 14:01:55,712 - xe_line3_ultra alter robot state to stop
2020-08-10 14:02:10,353 - param initialize
2020-08-10 14:02:10,383 - server initialize
2020-08-10 14:02:10,397 - timer initialize
2020-08-10 14:02:10,401 - mysql initialize
2020-08-10 14:02:11,577 - a new connection from 192.168.16.107
2020-08-10 14:02:12,875 - a new connection from 192.168.16.101
2020-08-10 14:02:12,913 - xe_line1_ultra alter robot state to check
2020-08-10 14:02:13,590 - xe_line3_ultra alter robot state to check
2020-08-10 14:02:14,569 - xe_line3_ultra alter robot state to stop
2020-08-10 14:02:15,356 - xe_line1_ultra alter robot state to stop
2020-08-10 14:08:56,205 - param initialize
2020-08-10 14:08:56,243 - server initialize
2020-08-10 14:08:56,255 - timer initialize
2020-08-10 14:08:56,259 - mysql initialize
2020-08-10 14:08:57,574 - a new connection from 192.168.16.101
2020-08-10 14:08:57,613 - xe_line1_ultra alter robot state to check
2020-08-10 14:08:59,207 - a new connection from 192.168.16.107
2020-08-10 14:08:59,228 - xe_line3_ultra alter robot state to check
2020-08-10 14:09:00,633 - xe_line1_ultra alter robot state to stop
2020-08-10 14:09:02,282 - xe_line3_ultra alter robot state to stop
2020-08-10 14:09:15,484 - param initialize
2020-08-10 14:09:15,519 - server initialize
2020-08-10 14:09:15,532 - timer initialize
2020-08-10 14:09:15,536 - mysql initialize
2020-08-10 14:09:18,021 - a new connection from 192.168.16.101
2020-08-10 14:09:18,055 - xe_line1_ultra alter robot state to check
2020-08-10 14:09:18,444 - a new connection from 192.168.16.107
2020-08-10 14:09:18,534 - xe_line3_ultra alter robot state to check
2020-08-10 14:10:28,056 - param initialize
2020-08-10 14:10:28,102 - server initialize
2020-08-10 14:10:28,114 - timer initialize
2020-08-10 14:10:28,115 - mysql initialize
2020-08-10 14:10:33,606 - a new connection from 192.168.16.107
2020-08-10 14:10:33,647 - xe_line3_ultra alter robot state to check
2020-08-10 14:10:38,715 - a new connection from 192.168.16.101
2020-08-10 14:10:38,749 - xe_line1_ultra alter robot state to check
2020-08-10 14:10:39,385 - xe_line3_ultra alter robot state to stop
2020-08-10 14:10:41,786 - xe_line1_ultra alter robot state to stop
2020-08-10 14:23:50,281 - param initialize
2020-08-10 14:23:50,317 - server initialize
2020-08-10 14:23:50,327 - timer initialize
2020-08-10 14:23:50,329 - mysql initialize
2020-08-10 14:36:36,252 - param initialize
2020-08-10 14:36:36,283 - server initialize
2020-08-10 14:36:36,306 - timer initialize
2020-08-10 14:36:36,308 - mysql initialize
2020-08-10 14:36:37,655 - a new connection from 192.168.16.101
2020-08-10 14:36:37,674 - xe_line1_ultra alter robot state to check
2020-08-10 14:36:50,575 - param initialize
2020-08-10 14:36:50,618 - server initialize
2020-08-10 14:36:50,629 - timer initialize
2020-08-10 14:36:50,633 - mysql initialize
2020-08-10 14:36:51,740 - a new connection from 192.168.16.107
2020-08-10 14:36:51,775 - xe_line3_ultra alter robot state to check
2020-08-10 14:36:52,005 - a new connection from 192.168.16.101
2020-08-10 14:36:52,040 - xe_line1_ultra alter robot state to check
2020-08-10 14:36:52,088 - xe_line1_ultra alter robot state to stop
2020-08-10 14:36:55,024 - xe_line3_ultra alter robot state to stop
2020-08-10 14:38:34,886 - param initialize
2020-08-10 14:38:34,914 - server initialize
2020-08-10 14:38:34,925 - timer initialize
2020-08-10 14:38:34,929 - mysql initialize
2020-08-10 14:38:39,604 - a new connection from 192.168.16.107
2020-08-10 14:38:39,627 - xe_line3_ultra alter robot state to check
2020-08-10 14:38:49,837 - param initialize
2020-08-10 14:38:49,867 - server initialize
2020-08-10 14:38:49,883 - timer initialize
2020-08-10 14:38:49,885 - mysql initialize
2020-08-10 14:38:50,842 - a new connection from 192.168.16.107
2020-08-10 14:38:53,874 - xe_line3_ultra alter robot state to check
2020-08-10 14:38:53,930 - xe_line3_ultra alter robot state to stop
2020-08-10 14:39:00,270 - a new connection from 192.168.16.101
2020-08-10 14:39:00,285 - xe_line1_ultra alter robot state to check
2020-08-10 14:39:03,571 - xe_line1_ultra alter robot state to stop
2020-08-10 14:39:55,833 - param initialize
2020-08-10 14:39:55,864 - server initialize
2020-08-10 14:39:55,874 - timer initialize
2020-08-10 14:39:55,877 - mysql initialize
2020-08-10 14:39:56,529 - a new connection from 192.168.16.107
2020-08-10 14:39:56,595 - a new connection from 192.168.16.101
2020-08-10 14:39:56,619 - xe_line1_ultra alter robot state to check
2020-08-10 14:39:59,489 - xe_line3_ultra alter robot state to check
2020-08-10 14:40:06,930 - xe_line1_ultra alter robot state to stop
2020-08-10 14:40:10,956 - xe_line3_ultra alter robot state to stop
2020-08-10 14:46:26,963 - param initialize
2020-08-10 14:46:26,992 - server initialize
2020-08-10 14:46:27,002 - timer initialize
2020-08-10 14:46:27,009 - mysql initialize
2020-08-10 14:46:28,489 - a new connection from 192.168.16.101
2020-08-10 14:47:27,571 - param initialize
2020-08-10 14:47:27,612 - server initialize
2020-08-10 14:47:27,624 - timer initialize
2020-08-10 14:47:27,628 - mysql initialize
2020-08-10 14:47:29,298 - a new connection from 192.168.16.101
2020-08-10 14:47:29,356 - xe_line1_ultra alter robot state to check
2020-08-10 14:47:29,395 - a new connection from 192.168.16.107
2020-08-10 14:48:05,772 - param initialize
2020-08-10 14:48:05,806 - server initialize
2020-08-10 14:48:05,819 - timer initialize
2020-08-10 14:48:05,823 - mysql initialize
2020-08-10 14:48:06,154 - a new connection from 192.168.16.107
2020-08-10 14:48:09,169 - xe_line3_ultra alter robot state to check
2020-08-10 14:48:11,993 - a new connection from 192.168.16.101
2020-08-10 14:48:12,017 - xe_line1_ultra alter robot state to check
2020-08-10 14:48:14,220 - xe_line3_ultra alter robot state to stop
2020-08-10 14:49:25,519 - param initialize
2020-08-10 14:49:25,557 - server initialize
2020-08-10 14:49:25,568 - timer initialize
2020-08-10 14:49:25,575 - mysql initialize
2020-08-10 14:49:27,052 - a new connection from 192.168.16.107
2020-08-10 14:49:27,081 - xe_line3_ultra alter robot state to check
2020-08-10 14:49:27,132 - a new connection from 192.168.16.101
2020-08-10 14:49:27,159 - xe_line1_ultra alter robot state to check
2020-08-10 14:49:30,220 - xe_line3_ultra alter robot state to stop
2020-08-10 14:49:30,247 - xe_line1_ultra alter robot state to stop
2020-08-10 14:50:50,579 - param initialize
2020-08-10 14:50:50,609 - server initialize
2020-08-10 14:50:50,620 - timer initialize
2020-08-10 14:50:50,624 - mysql initialize
2020-08-10 14:51:23,504 - param initialize
2020-08-10 14:51:23,537 - server initialize
2020-08-10 14:51:23,554 - timer initialize
2020-08-10 14:51:23,556 - mysql initialize
2020-08-10 14:51:28,247 - a new connection from 192.168.16.101
2020-08-10 14:51:31,365 - xe_line1_ultra alter robot state to check
2020-08-10 14:51:31,578 - xe_line1_ultra alter robot state to stop
2020-08-10 14:51:52,060 - a new connection from 192.168.16.107
2020-08-10 14:51:52,102 - xe_line3_ultra alter robot state to check
2020-08-10 14:51:57,457 - xe_line3_ultra alter robot state to stop
2020-08-10 14:55:59,514 - param initialize
2020-08-10 14:55:59,546 - server initialize
2020-08-10 14:55:59,558 - timer initialize
2020-08-10 14:55:59,562 - mysql initialize
2020-08-10 14:56:00,880 - a new connection from 192.168.16.101
2020-08-10 14:56:00,919 - xe_line1_ultra alter robot state to check
2020-08-10 14:56:00,957 - a new connection from 192.168.16.107
2020-08-10 14:56:00,971 - xe_line3_ultra alter robot state to check
2020-08-10 14:56:03,955 - xe_line1_ultra alter robot state to stop
2020-08-10 14:56:04,027 - xe_line3_ultra alter robot state to stop
2020-08-10 16:16:05,399 - param initialize
2020-08-10 16:16:05,440 - server initialize
2020-08-10 16:16:05,456 - timer initialize
2020-08-10 16:16:05,463 - mysql initialize
2020-08-10 16:16:06,513 - a new connection from 192.168.16.107
2020-08-10 16:16:06,557 - xe_line3_ultra alter robot state to check
2020-08-10 16:16:09,618 - xe_line3_ultra alter robot state to stop
2020-08-10 16:16:11,569 - a new connection from 192.168.16.101
2020-08-10 16:16:11,603 - xe_line1_ultra alter robot state to check
2020-08-10 16:16:14,650 - xe_line1_ultra alter robot state to stop
2020-08-10 16:16:38,182 - param initialize
2020-08-10 16:16:38,221 - server initialize
2020-08-10 16:16:38,232 - timer initialize
2020-08-10 16:16:38,237 - mysql initialize
2020-08-10 16:16:40,444 - a new connection from 192.168.16.101
2020-08-10 16:16:40,482 - xe_line1_ultra alter robot state to check
2020-08-10 16:16:42,895 - a new connection from 192.168.16.107
2020-08-10 16:16:42,963 - xe_line3_ultra alter robot state to check
2020-08-10 16:16:44,898 - xe_line3_ultra alter robot state to stop
2020-08-10 16:16:47,174 - xe_line1_ultra alter robot state to stop
2020-08-10 16:17:51,392 - param initialize
2020-08-10 16:17:51,418 - server initialize
2020-08-10 16:17:51,431 - timer initialize
2020-08-10 16:17:51,437 - mysql initialize
2020-08-10 16:17:51,573 - a new connection from 192.168.16.107
2020-08-10 16:17:51,950 - xe_line3_ultra alter robot state to check
2020-08-10 16:17:54,432 - a new connection from 192.168.16.101
2020-08-10 16:17:54,465 - xe_line1_ultra alter robot state to check
2020-08-10 16:17:55,200 - xe_line3_ultra alter robot state to stop
2020-08-10 16:18:00,511 - xe_line1_ultra alter robot state to stop
2020-08-10 16:18:51,436 - xe_line3_robot2 alter robot state to offline!
2020-08-10 16:20:51,445 - param initialize
2020-08-10 16:20:51,485 - server initialize
2020-08-10 16:20:51,496 - timer initialize
2020-08-10 16:20:51,502 - mysql initialize
2020-08-10 16:20:53,762 - a new connection from 192.168.16.101
2020-08-10 16:20:53,800 - xe_line1_ultra alter robot state to check
2020-08-10 16:20:56,820 - xe_line1_ultra alter robot state to stop
2020-08-10 16:21:20,684 - a new connection from 192.168.16.107
2020-08-10 16:21:20,713 - xe_line3_ultra alter robot state to check
2020-08-10 16:21:36,310 - xe_line3_ultra alter robot state to stop
2020-08-10 16:21:51,500 - xe_line3_robot2 alter robot state to offline!
2020-08-10 16:22:22,994 - param initialize
2020-08-10 16:22:23,030 - server initialize
2020-08-10 16:22:23,044 - timer initialize
2020-08-10 16:22:23,053 - mysql initialize
2020-08-10 16:22:24,555 - a new connection from 192.168.16.101
2020-08-10 16:22:24,592 - xe_line1_ultra alter robot state to check
2020-08-10 16:22:45,909 - param initialize
2020-08-10 16:22:45,950 - server initialize
2020-08-10 16:22:45,961 - timer initialize
2020-08-10 16:22:45,971 - mysql initialize
2020-08-10 16:22:46,666 - a new connection from 192.168.16.101
2020-08-10 16:22:46,700 - xe_line1_ultra alter robot state to check
2020-08-10 16:22:50,430 - xe_line1_ultra alter robot state to ota
2020-08-10 16:22:53,171 - a new connection from 192.168.16.107
2020-08-10 16:22:55,594 - xe_line3_ultra alter robot state to check
2020-08-10 16:23:13,141 - xe_line3_ultra alter robot state to stop
2020-08-10 16:24:38,237 - param initialize
2020-08-10 16:24:38,264 - server initialize
2020-08-10 16:24:38,274 - timer initialize
2020-08-10 16:24:38,280 - mysql initialize
2020-08-10 16:24:39,031 - a new connection from 192.168.16.107
2020-08-10 16:24:39,059 - xe_line3_ultra alter robot state to check
2020-08-10 16:24:39,087 - a new connection from 192.168.16.101
2020-08-10 16:24:39,130 - xe_line1_ultra alter robot state to check
2020-08-10 16:24:45,211 - xe_line3_ultra alter robot state to stop
2020-08-10 16:25:00,292 - param initialize
2020-08-10 16:25:00,340 - server initialize
2020-08-10 16:25:00,351 - timer initialize
2020-08-10 16:25:00,353 - mysql initialize
2020-08-10 16:25:01,752 - a new connection from 192.168.16.107
2020-08-10 16:25:01,879 - xe_line3_ultra alter robot state to check
2020-08-10 16:25:02,209 - a new connection from 192.168.16.101
2020-08-10 16:25:02,239 - xe_line1_ultra alter robot state to check
2020-08-10 16:25:30,929 - param initialize
2020-08-10 16:25:30,964 - server initialize
2020-08-10 16:25:30,982 - timer initialize
2020-08-10 16:25:30,989 - mysql initialize
2020-08-10 16:25:33,336 - a new connection from 192.168.16.101
2020-08-10 16:25:33,360 - xe_line1_ultra alter robot state to check
2020-08-10 16:25:36,620 - a new connection from 192.168.16.107
2020-08-10 16:25:36,652 - xe_line3_ultra alter robot state to check
2020-08-10 16:25:40,625 - xe_line3_ultra alter robot state to stop
2020-08-10 16:26:29,408 - param initialize
2020-08-10 16:26:29,461 - server initialize
2020-08-10 16:26:29,470 - timer initialize
2020-08-10 16:26:29,474 - mysql initialize
2020-08-10 16:26:31,943 - a new connection from 192.168.16.101
2020-08-10 16:26:31,953 - a new connection from 192.168.16.107
2020-08-10 16:26:31,984 - xe_line1_ultra alter robot state to check
2020-08-10 16:26:32,002 - xe_line3_ultra alter robot state to check
2020-08-10 16:26:43,420 - xe_line3_ultra alter robot state to stop
2020-08-10 16:26:43,512 - receivd a error msg:xe_line3_ultra:otaxe_line3_ultra:ota
2020-08-10 16:27:18,538 - param initialize
2020-08-10 16:27:18,594 - server initialize
2020-08-10 16:27:18,603 - timer initialize
2020-08-10 16:27:18,606 - mysql initialize
2020-08-10 16:27:20,464 - a new connection from 192.168.16.101
2020-08-10 16:27:20,500 - xe_line1_ultra alter robot state to check
2020-08-10 16:27:23,150 - xe_line1_ultra alter robot state to ota
2020-08-10 16:27:26,151 - a new connection from 192.168.16.107
2020-08-10 16:27:26,173 - xe_line3_ultra alter robot state to check
2020-08-10 16:29:45,166 - param initialize
2020-08-10 16:29:45,207 - server initialize
2020-08-10 16:29:45,234 - timer initialize
2020-08-10 16:29:45,244 - mysql initialize
2020-08-10 16:29:46,761 - a new connection from 192.168.16.101
2020-08-10 16:29:46,796 - xe_line3_ultra alter robot state to check
2020-08-10 16:29:49,905 - xe_line3_ultra alter robot state to stop
2020-08-10 16:31:28,653 - param initialize
2020-08-10 16:31:28,692 - server initialize
2020-08-10 16:31:28,703 - timer initialize
2020-08-10 16:31:28,709 - mysql initialize
2020-08-10 16:31:30,994 - a new connection from 192.168.16.101
2020-08-10 16:31:31,027 - xe_line3_ultra alter robot state to check
2020-08-10 16:31:33,483 - xe_line3_ultra alter robot state to ota_check
2020-08-10 16:33:47,196 - param initialize
2020-08-10 16:33:47,236 - server initialize
2020-08-10 16:33:47,247 - timer initialize
2020-08-10 16:33:47,250 - mysql initialize
2020-08-10 16:33:48,868 - a new connection from 192.168.16.101
2020-08-10 16:33:48,911 - xe_line3_ultra alter robot state to check
2020-08-10 16:33:53,972 - xe_line3_ultra alter robot state to ota_check
2020-08-10 16:38:53,778 - param initialize
2020-08-10 16:38:53,806 - server initialize
2020-08-10 16:38:53,818 - timer initialize
2020-08-10 16:38:53,834 - mysql initialize
2020-08-10 16:38:54,941 - a new connection from 192.168.16.101
2020-08-10 16:38:54,972 - xe_line3_ultra alter robot state to check
2020-08-10 16:38:57,903 - xe_line3_ultra alter robot state to ota_check
2020-08-10 16:42:01,440 - param initialize
2020-08-10 16:42:01,481 - server initialize
2020-08-10 16:42:01,495 - timer initialize
2020-08-10 16:42:01,504 - mysql initialize
2020-08-10 16:42:03,018 - a new connection from 192.168.16.101
2020-08-10 16:42:03,052 - xe_line3_ultra alter robot state to check
2020-08-10 16:42:11,535 - xe_line3_ultra alter robot state to ota_check
2020-08-10 16:42:23,248 - xe_line3_ultra alter robot state to monitor_check
2020-08-10 16:42:26,331 - xe_line3_ultra alter robot state to stop
2020-08-10 16:45:01,230 - param initialize
2020-08-10 16:45:01,263 - server initialize
2020-08-10 16:45:01,275 - timer initialize
2020-08-10 16:45:01,283 - mysql initialize
2020-08-10 16:45:03,670 - a new connection from 192.168.16.101
2020-08-10 16:45:03,710 - xe_line3_ultra alter robot state to check
2020-08-10 16:45:05,848 - xe_line3_ultra alter robot state to stop
2020-08-10 16:45:13,401 - xe_line3_ultra alter robot state to ota_check
2020-08-10 16:47:22,973 - param initialize
2020-08-10 16:47:23,001 - server initialize
2020-08-10 16:47:23,011 - timer initialize
2020-08-10 16:47:23,021 - mysql initialize
2020-08-10 16:47:26,988 - a new connection from 192.168.16.101
2020-08-10 16:47:27,032 - xe_line3_ultra alter robot state to check
2020-08-10 16:47:30,089 - xe_line3_ultra alter robot state to stop
2020-08-10 16:48:49,273 - param initialize
2020-08-10 16:48:49,311 - server initialize
2020-08-10 16:48:49,322 - timer initialize
2020-08-10 16:48:49,330 - mysql initialize
2020-08-10 16:48:53,827 - a new connection from 192.168.16.101
2020-08-10 16:48:53,869 - xe_line3_ultra alter robot state to check
2020-08-10 16:48:56,931 - xe_line3_ultra alter robot state to stop
2020-08-10 16:50:04,238 - param initialize
2020-08-10 16:50:04,272 - server initialize
2020-08-10 16:50:04,288 - timer initialize
2020-08-10 16:50:04,296 - mysql initialize
2020-08-10 16:50:04,989 - a new connection from 192.168.16.101
2020-08-10 16:50:05,019 - xe_line3_ultra alter robot state to check
2020-08-10 16:50:08,430 - xe_line3_ultra alter robot state to stop
2020-08-10 16:50:28,639 - xe_line3_ultra alter robot state to ota_check
2020-08-10 16:50:34,576 - xe_line3_ultra alter robot state to monitor_check
2020-08-10 16:50:41,347 - xe_line3_ultra alter robot state to stop
2020-08-10 16:55:13,569 - param initialize
2020-08-10 16:55:13,602 - server initialize
2020-08-10 16:55:13,623 - timer initialize
2020-08-10 16:55:13,634 - mysql initialize
2020-08-10 16:57:48,013 - a new connection from 192.168.16.101
2020-08-10 16:57:50,719 - xe_line3_ultra alter robot state to check
2020-08-10 16:57:51,327 - xe_line3_ultra alter robot state to stop
2020-08-10 16:57:56,208 - xe_line3_ultra alter robot state to ota_check
2020-08-10 16:58:00,506 - xe_line3_ultra alter robot state to monitor_check
2020-08-10 16:58:12,372 - xe_line3_ultra alter robot state to stop
2020-08-10 16:59:06,745 - param initialize
2020-08-10 16:59:06,782 - server initialize
2020-08-10 16:59:06,794 - timer initialize
2020-08-10 16:59:06,803 - mysql initialize
2020-08-10 16:59:11,756 - a new connection from 192.168.16.101
2020-08-10 16:59:11,808 - xe_line3_ultra alter robot state to check
2020-08-10 16:59:23,927 - xe_line3_ultra alter robot state to stop
2020-08-10 16:59:32,239 - xe_line3_ultra alter robot state to monitor_check
2020-08-10 16:59:37,398 - xe_line3_ultra alter robot state to stop
2020-08-10 16:59:42,257 - xe_line3_ultra alter robot state to ota_check
2020-08-10 17:01:36,757 - a new connection from 192.168.16.107
2020-08-10 17:01:36,784 - xe_line2_ultra alter robot state to check
2020-08-10 17:01:40,134 - xe_line2_ultra alter robot state to stop
2020-08-10 17:01:47,466 - xe_line2_ultra alter robot state to ota_check
2020-08-10 17:01:54,737 - xe_line2_ultra alter robot state to monitor_check
2020-08-10 17:02:02,919 - xe_line2_ultra alter robot state to stop
2020-08-10 17:03:01,840 - xe_line3_ultra alter robot state to monitor_check
2020-08-10 17:03:01,939 - receivd a error msg:xe_line3_ultra:stopxe_line3_ultra:stopxe_line3_ultra:monitor_checkxe_line3_ultra:stop
2020-08-10 17:03:02,970 - xe_line2_ultra alter robot state to monitor_check
2020-08-10 17:03:04,547 - receivd a error msg:xe_line2_ultra:stopxe_line2_ultra:stopxe_line2_ultra:stop
2020-08-10 17:03:05,445 - xe_line2_ultra alter robot state to stop
2020-08-10 17:03:19,888 - xe_line3_ultra alter robot state to stop
2020-08-10 17:11:08,823 - param initialize
2020-08-10 17:11:08,861 - server initialize
2020-08-10 17:11:08,874 - timer initialize
2020-08-10 17:11:08,880 - mysql initialize
2020-08-10 17:11:11,139 - a new connection from 192.168.16.101
2020-08-10 17:11:11,180 - xe_line3_ultra alter robot state to check
2020-08-10 17:11:11,298 - a new connection from 192.168.16.107
2020-08-10 17:11:11,331 - xe_line2_ultra alter robot state to check
2020-08-10 17:11:24,580 - xe_line2_ultra alter robot state to stop
2020-08-10 17:11:25,636 - xe_line3_ultra alter robot state to stop
2020-08-10 17:11:28,846 - xe_line2_ultra alter robot state to ota_check
2020-08-10 17:11:31,717 - xe_line3_ultra alter robot state to ota_check
2020-08-10 17:11:34,322 - xe_line2_ultra alter robot state to monitor_check
2020-08-10 17:11:45,478 - xe_line2_ultra alter robot state to stop
2020-08-10 17:11:49,218 - xe_line3_ultra alter robot state to monitor_check
2020-08-10 17:11:52,273 - xe_line3_ultra alter robot state to stop
2020-08-10 17:11:56,028 - xe_line2_ultra alter robot state to ota_check
2020-08-10 17:11:56,223 - xe_line3_ultra alter robot state to ota_check
2020-08-10 17:12:01,969 - xe_line3_ultra alter robot state to monitor_check
2020-08-10 17:12:02,118 - xe_line2_ultra alter robot state to monitor_check
2020-08-10 17:12:06,962 - xe_line2_ultra alter robot state to stop
2020-08-10 17:12:13,424 - xe_line3_ultra alter robot state to stop
2020-08-10 17:16:24,835 - param initialize
2020-08-10 17:16:24,873 - server initialize
2020-08-10 17:16:24,885 - timer initialize
2020-08-10 17:16:24,891 - mysql initialize
2020-08-10 17:16:28,243 - a new connection from 192.168.16.101
2020-08-10 17:16:28,287 - xe_line3_ultra alter robot state to check
2020-08-10 17:16:29,696 - a new connection from 192.168.16.107
2020-08-10 17:16:29,748 - xe_line2_ultra alter robot state to check
2020-08-10 17:16:35,664 - xe_line2_ultra alter robot state to stop
2020-08-10 17:17:07,039 - receivd a error msg:xe_line3_ultra:stopxe_line3_ultra:stopxe_line3_ultra:stop
2020-08-10 17:17:17,615 - xe_line3_ultra alter robot state to stop
2020-08-10 17:18:14,948 - param initialize
2020-08-10 17:18:14,983 - server initialize
2020-08-10 17:18:14,995 - timer initialize
2020-08-10 17:18:14,997 - mysql initialize
2020-08-10 17:18:17,289 - a new connection from 192.168.16.101
2020-08-10 17:18:17,328 - xe_line3_ultra alter robot state to check
2020-08-10 17:18:23,064 - xe_line3_ultra alter robot state to stop
2020-08-10 17:18:25,755 - a new connection from 192.168.16.107
2020-08-10 17:18:25,787 - xe_line2_ultra alter robot state to check
2020-08-10 17:20:10,349 - param initialize
2020-08-10 17:20:10,382 - server initialize
2020-08-10 17:20:10,395 - timer initialize
2020-08-10 17:20:10,396 - mysql initialize
2020-08-10 17:20:12,588 - a new connection from 192.168.16.101
2020-08-10 17:20:12,623 - xe_line3_ultra alter robot state to check
2020-08-10 17:20:12,913 - a new connection from 192.168.16.107
2020-08-10 17:20:15,683 - xe_line2_ultra alter robot state to check
2020-08-10 17:20:15,710 - xe_line3_ultra alter robot state to stop
2020-08-10 17:20:16,248 - xe_line2_ultra alter robot state to stop
2020-08-10 17:22:43,833 - param initialize
2020-08-10 17:22:43,876 - server initialize
2020-08-10 17:22:43,889 - timer initialize
2020-08-10 17:22:43,896 - mysql initialize
2020-08-10 17:22:58,713 - a new connection from 192.168.16.101
2020-08-10 17:22:58,749 - xe_line3_ultra alter robot state to check
2020-08-10 17:23:04,277 - xe_line3_ultra alter robot state to stop
2020-08-10 17:25:28,751 - param initialize
2020-08-10 17:25:28,813 - server initialize
2020-08-10 17:25:28,832 - timer initialize
2020-08-10 17:25:28,835 - mysql initialize
2020-08-10 17:25:30,358 - a new connection from 192.168.16.101
2020-08-10 17:25:33,142 - xe_line3_ultra alter robot state to check
2020-08-10 17:26:17,227 - a new connection from 192.168.16.107
2020-08-10 17:27:02,333 - xe_line2_ultra alter robot state to check
2020-08-10 17:27:02,374 - receivd a error msg:xe_line2_ultra:stopxe_line2_ultra:stopxe_line2_ultra:stop
2020-08-10 17:27:07,424 - xe_line2_ultra alter robot state to stop
2020-08-10 17:28:21,212 - param initialize
2020-08-10 17:28:21,256 - server initialize
2020-08-10 17:28:21,279 - timer initialize
2020-08-10 17:28:21,286 - mysql initialize
2020-08-10 17:29:32,275 - param initialize
2020-08-10 17:29:32,306 - server initialize
2020-08-10 17:29:32,321 - timer initialize
2020-08-10 17:29:32,331 - mysql initialize
2020-08-10 17:29:50,562 - a new connection from 192.168.16.107
2020-08-10 17:29:50,603 - xe_line2_ultra alter robot state to check
2020-08-10 17:29:53,299 - a new connection from 192.168.16.101
2020-08-10 17:29:53,338 - xe_line3_ultra alter robot state to check
2020-08-10 17:29:53,742 - xe_line2_ultra alter robot state to stop
2020-08-10 17:29:58,729 - xe_line3_ultra alter robot state to stop
2020-08-10 17:31:15,722 - param initialize
2020-08-10 17:31:15,750 - server initialize
2020-08-10 17:31:15,761 - timer initialize
2020-08-10 17:31:15,767 - mysql initialize
2020-08-10 17:31:16,112 - a new connection from 192.168.16.107
2020-08-10 17:31:21,604 - a new connection from 192.168.16.101
2020-08-10 17:31:21,647 - xe_line3_ultra alter robot state to check
2020-08-10 17:31:26,114 - xe_line3_ultra alter robot state to stop
2020-08-10 17:31:36,685 - xe_line2_ultra alter robot state to check
2020-08-10 17:31:39,213 - receivd a error msg:xe_line2_ultra:stopxe_line2_ultra:stop
2020-08-10 17:31:48,630 - xe_line2_ultra alter robot state to stop
2020-08-10 17:33:35,683 - param initialize
2020-08-10 17:33:35,739 - server initialize
2020-08-10 17:33:35,757 - timer initialize
2020-08-10 17:33:35,775 - mysql initialize
2020-08-10 17:33:38,195 - a new connection from 192.168.16.101
2020-08-10 17:34:34,685 - param initialize
2020-08-10 17:34:34,712 - server initialize
2020-08-10 17:34:34,724 - timer initialize
2020-08-10 17:34:34,731 - mysql initialize
2020-08-10 17:34:35,382 - a new connection from 192.168.16.101
2020-08-10 17:34:35,409 - xe_line3_ultra alter robot state to check
2020-08-10 17:34:35,422 - a new connection from 192.168.16.107
2020-08-10 17:34:35,444 - xe_line2_ultra alter robot state to check
2020-08-10 17:34:41,895 - xe_line3_ultra alter robot state to stop
2020-08-10 17:34:49,874 - xe_line2_ultra alter robot state to stop
2020-08-10 17:35:46,545 - param initialize
2020-08-10 17:35:46,582 - server initialize
2020-08-10 17:35:46,594 - timer initialize
2020-08-10 17:35:46,602 - mysql initialize
2020-08-10 17:35:47,613 - a new connection from 192.168.16.101
2020-08-10 17:35:47,655 - xe_line3_ultra alter robot state to check
2020-08-10 17:35:47,768 - a new connection from 192.168.16.107
2020-08-10 17:35:47,808 - xe_line2_ultra alter robot state to check
2020-08-10 17:35:51,890 - xe_line3_ultra alter robot state to stop
2020-08-10 17:35:53,127 - xe_line3_ultra alter robot state to monitor_check
2020-08-10 17:36:01,708 - xe_line2_ultra alter robot state to stop
2020-08-10 17:36:07,279 - xe_line3_ultra alter robot state to stop
2020-08-10 18:56:29,239 - param initialize
2020-08-10 18:56:29,257 - server initialize
2020-08-10 18:56:29,273 - timer initialize
2020-08-10 18:56:29,275 - mysql initialize
2020-08-10 18:58:14,882 - param initialize
2020-08-10 18:58:14,900 - server initialize
2020-08-10 18:58:14,909 - timer initialize
2020-08-10 18:58:14,910 - mysql initialize
2020-08-10 19:04:22,474 - param initialize
2020-08-10 19:04:22,495 - server initialize
2020-08-10 19:04:22,505 - timer initialize
2020-08-10 19:04:22,513 - mysql initialize
2020-08-10 19:05:03,512 - param initialize
2020-08-10 19:05:03,532 - server initialize
2020-08-10 19:05:03,542 - timer initialize
2020-08-10 19:05:03,546 - mysql initialize
2020-08-10 19:05:50,432 - param initialize
2020-08-10 19:05:50,450 - server initialize
2020-08-10 19:05:50,459 - timer initialize
2020-08-10 19:05:50,462 - mysql initialize
2020-08-10 19:07:21,836 - param initialize
2020-08-10 19:07:21,854 - server initialize
2020-08-10 19:07:21,871 - timer initialize
2020-08-10 19:07:21,872 - mysql initialize
2020-08-10 19:11:49,184 - a new connection from 10.0.0.15
2020-08-10 19:11:49,216 - xe_line2_ultra alter robot state to check
2020-08-10 19:11:52,286 - xe_line2_ultra alter robot state to stop
2020-08-10 19:11:59,523 - xe_line2_ultra alter robot state to ota_check
2020-08-10 19:12:09,204 - xe_line2_ultra alter robot state to monitor_check
2020-08-10 19:12:17,349 - xe_line2_ultra alter robot state to stop
2020-08-10 19:12:22,152 - xe_line2_ultra alter robot state to monitor_check
2020-08-10 19:12:32,760 - xe_line2_ultra alter robot state to stop
2020-08-10 19:13:54,955 - xe_line2_ultra alter robot state to monitor_check
2020-08-10 19:14:04,852 - xe_line2_ultra alter robot state to stop
2020-08-10 19:30:26,033 - param initialize
2020-08-10 19:30:26,055 - server initialize
2020-08-10 19:30:26,064 - timer initialize
2020-08-10 19:30:26,071 - mysql initialize
2020-08-10 19:30:26,779 - a new connection from 10.0.0.15
2020-08-10 19:30:26,808 - xe_line2_ultra alter robot state to check
2020-08-10 19:30:32,861 - xe_line2_ultra alter robot state to stop
2020-08-10 19:30:35,311 - xe_line2_ultra alter robot state to monitor_check
2020-08-10 19:30:48,281 - xe_line2_ultra alter robot state to stop
2020-08-10 19:31:03,947 - xe_line2_ultra alter robot state to monitor_check
2020-08-10 19:31:18,974 - xe_line2_ultra alter robot state to stop
2020-08-10 19:34:21,698 - param initialize
2020-08-10 19:34:21,724 - server initialize
2020-08-10 19:34:21,733 - timer initialize
2020-08-10 19:34:21,739 - mysql initialize
2020-08-10 19:34:22,359 - a new connection from 10.0.0.15
2020-08-10 19:34:22,398 - xe_line2_ultra alter robot state to check
2020-08-10 19:34:25,440 - xe_line2_ultra alter robot state to stop
2020-08-10 19:37:24,360 - param initialize
2020-08-10 19:37:24,380 - server initialize
2020-08-10 19:37:24,390 - timer initialize
2020-08-10 19:37:24,391 - mysql initialize
2020-08-10 19:37:26,937 - a new connection from 10.0.0.15
2020-08-10 19:37:26,993 - xe_line2_ultra alter robot state to check
2020-08-10 19:37:35,426 - xe_line2_ultra alter robot state to stop
2020-08-10 19:45:01,627 - param initialize
2020-08-10 19:45:01,645 - server initialize
2020-08-10 19:45:01,654 - timer initialize
2020-08-10 19:45:01,659 - mysql initialize
2020-08-10 19:45:04,003 - a new connection from 10.0.0.15
2020-08-10 19:45:04,065 - xe_line2_ultra alter robot state to check
2020-08-10 19:45:06,163 - xe_line2_ultra alter robot state to stop
2020-08-10 19:48:24,447 - param initialize
2020-08-10 19:48:24,466 - server initialize
2020-08-10 19:48:24,477 - timer initialize
2020-08-10 19:48:24,478 - mysql initialize
2020-08-10 19:48:25,915 - a new connection from 10.0.0.15
2020-08-10 19:48:25,963 - xe_line2_ultra alter robot state to check
2020-08-10 19:48:38,597 - xe_line2_ultra alter robot state to stop
2020-08-10 19:49:23,200 - param initialize
2020-08-10 19:49:23,221 - server initialize
2020-08-10 19:49:23,237 - timer initialize
2020-08-10 19:49:23,247 - mysql initialize
2020-08-10 19:49:25,745 - a new connection from 10.0.0.15
2020-08-10 19:49:25,823 - xe_line2_ultra alter robot state to check
2020-08-10 19:49:30,324 - xe_line2_ultra alter robot state to stop
2020-08-10 19:49:41,472 - xe_line2_ultra alter robot state to ota_check
2020-08-10 19:51:50,034 - param initialize
2020-08-10 19:51:50,053 - server initialize
2020-08-10 19:51:50,064 - timer initialize
2020-08-10 19:51:50,065 - mysql initialize
2020-08-10 19:51:52,513 - a new connection from 10.0.0.15
2020-08-10 19:51:52,537 - xe_line2_ultra alter robot state to check
2020-08-10 19:51:55,284 - xe_line2_ultra alter robot state to ota_check
2020-08-10 19:54:17,356 - param initialize
2020-08-10 19:54:17,385 - server initialize
2020-08-10 19:54:17,396 - timer initialize
2020-08-10 19:54:17,400 - mysql initialize
2020-08-10 19:54:19,427 - a new connection from 10.0.0.15
2020-08-10 19:54:19,451 - xe_line2_ultra alter robot state to check
2020-08-10 19:54:34,497 - xe_line2_ultra alter robot state to ota_check
2020-08-10 19:55:42,717 - param initialize
2020-08-10 19:55:42,737 - server initialize
2020-08-10 19:55:42,747 - timer initialize
2020-08-10 19:55:42,748 - mysql initialize
2020-08-10 19:55:45,446 - a new connection from 10.0.0.15
2020-08-10 19:55:45,488 - xe_line2_ultra alter robot state to check
2020-08-10 19:55:57,146 - xe_line2_ultra alter robot state to ota_check
2020-08-10 19:56:48,571 - param initialize
2020-08-10 19:56:48,599 - server initialize
2020-08-10 19:56:48,608 - timer initialize
2020-08-10 19:56:48,614 - mysql initialize
2020-08-10 19:56:51,024 - a new connection from 10.0.0.15
2020-08-10 19:56:51,087 - xe_line2_ultra alter robot state to check
2020-08-10 19:57:04,019 - xe_line2_ultra alter robot state to ota_check
2020-08-10 19:59:12,807 - param initialize
2020-08-10 19:59:12,831 - server initialize
2020-08-10 19:59:12,840 - timer initialize
2020-08-10 19:59:12,845 - mysql initialize
2020-08-10 19:59:15,750 - a new connection from 10.0.0.15
2020-08-10 19:59:15,786 - xe_line2_ultra alter robot state to check
2020-08-10 19:59:27,838 - xe_line2_ultra alter robot state to ota_check
2020-08-10 20:01:18,387 - param initialize
2020-08-10 20:01:18,405 - server initialize
2020-08-10 20:01:18,415 - timer initialize
2020-08-10 20:01:18,416 - mysql initialize
2020-08-10 20:01:20,876 - a new connection from 10.0.0.15
2020-08-10 20:01:20,909 - xe_line2_ultra alter robot state to check
2020-08-10 20:01:20,964 - xe_line2_ultra alter robot state to ota_check
2020-08-10 20:02:59,656 - param initialize
2020-08-10 20:02:59,674 - server initialize
2020-08-10 20:02:59,684 - timer initialize
2020-08-10 20:02:59,685 - mysql initialize
2020-08-10 20:03:00,392 - a new connection from 10.0.0.15
2020-08-10 20:03:00,434 - xe_line2_ultra alter robot state to check
2020-08-10 20:03:04,380 - xe_line2_ultra alter robot state to ota_check
2020-08-10 20:05:04,313 - param initialize
2020-08-10 20:05:04,330 - server initialize
2020-08-10 20:05:04,340 - timer initialize
2020-08-10 20:05:04,340 - mysql initialize
2020-08-10 20:05:04,793 - a new connection from 10.0.0.15
2020-08-10 20:05:04,835 - xe_line2_ultra alter robot state to check
2020-08-10 20:05:10,272 - xe_line2_ultra alter robot state to ota_check
2020-08-10 20:07:25,871 - param initialize
2020-08-10 20:07:25,890 - server initialize
2020-08-10 20:07:25,900 - timer initialize
2020-08-10 20:07:25,901 - mysql initialize
2020-08-10 20:07:28,326 - a new connection from 10.0.0.15
2020-08-10 20:07:28,374 - xe_line2_ultra alter robot state to check
2020-08-10 20:07:34,102 - xe_line2_ultra alter robot state to ota_check
2020-08-10 20:09:16,210 - param initialize
2020-08-10 20:09:16,234 - server initialize
2020-08-10 20:09:16,244 - timer initialize
2020-08-10 20:09:16,249 - mysql initialize
2020-08-10 20:09:17,245 - a new connection from 10.0.0.15
2020-08-10 20:09:17,294 - xe_line2_ultra alter robot state to check
2020-08-10 20:09:27,226 - xe_line2_ultra alter robot state to ota_check
2020-08-10 20:11:42,522 - param initialize
2020-08-10 20:11:42,540 - server initialize
2020-08-10 20:11:42,549 - timer initialize
2020-08-10 20:11:42,550 - mysql initialize
2020-08-10 20:11:44,922 - a new connection from 10.0.0.15
2020-08-10 20:11:44,938 - xe_line2_ultra alter robot state to check
2020-08-10 20:11:45,911 - xe_line2_ultra alter robot state to ota_check
2020-08-10 20:13:47,249 - param initialize
2020-08-10 20:13:47,269 - server initialize
2020-08-10 20:13:47,278 - timer initialize
2020-08-10 20:13:47,284 - mysql initialize
2020-08-10 20:13:50,100 - a new connection from 10.0.0.15
2020-08-10 20:13:50,141 - xe_line2_ultra alter robot state to check
2020-08-10 20:13:54,381 - xe_line2_ultra alter robot state to ota_check
2020-08-10 20:14:43,228 - param initialize
2020-08-10 20:14:43,246 - server initialize
2020-08-10 20:14:43,259 - timer initialize
2020-08-10 20:14:43,260 - mysql initialize
2020-08-10 20:14:46,025 - a new connection from 10.0.0.15
2020-08-10 20:14:46,056 - xe_line2_ultra alter robot state to check
2020-08-10 20:14:46,111 - xe_line2_ultra alter robot state to ota_check
2020-08-10 20:16:22,466 - param initialize
2020-08-10 20:16:22,490 - server initialize
2020-08-10 20:16:22,499 - timer initialize
2020-08-10 20:16:22,502 - mysql initialize
2020-08-10 20:16:25,051 - a new connection from 10.0.0.15
2020-08-10 20:16:25,075 - xe_line2_ultra alter robot state to check
2020-08-10 20:16:54,295 - param initialize
2020-08-10 20:16:54,313 - server initialize
2020-08-10 20:16:54,329 - timer initialize
2020-08-10 20:16:54,329 - mysql initialize
2020-08-10 20:16:56,456 - a new connection from 10.0.0.15
2020-08-10 20:16:56,479 - xe_line2_ultra alter robot state to check
2020-08-10 20:17:11,548 - xe_line2_ultra alter robot state to ota_check
2020-08-10 20:18:14,465 - param initialize
2020-08-10 20:18:14,486 - server initialize
2020-08-10 20:18:14,495 - timer initialize
2020-08-10 20:18:14,496 - mysql initialize
2020-08-10 20:18:16,151 - a new connection from 10.0.0.15
2020-08-10 20:18:16,199 - xe_line2_ultra alter robot state to check
2020-08-10 20:18:18,626 - xe_line2_ultra alter robot state to ota_check
2020-08-10 20:30:48,793 - param initialize
2020-08-10 20:30:48,813 - server initialize
2020-08-10 20:30:48,825 - timer initialize
2020-08-10 20:30:48,827 - mysql initialize
2020-08-10 20:30:49,064 - a new connection from 10.0.0.15
2020-08-10 20:30:49,363 - xe_line2_ultra alter robot state to check
2020-08-10 20:30:54,801 - xe_line2_ultra alter robot state to stop
2020-08-10 20:30:58,448 - xe_line2_ultra alter robot state to monitor_check
2020-08-10 20:31:05,692 - xe_line2_ultra alter robot state to ota_check
2020-08-10 20:31:08,750 - xe_line2_ultra alter robot state to monitor_check
2020-08-10 20:31:13,279 - xe_line2_ultra alter robot state to stop
2020-08-10 20:34:46,937 - param initialize
2020-08-10 20:34:46,961 - server initialize
2020-08-10 20:34:46,969 - timer initialize
2020-08-10 20:34:46,971 - mysql initialize
2020-08-10 20:34:48,641 - a new connection from 10.0.0.15
2020-08-10 20:34:48,699 - xe_line2_ultra alter robot state to check
2020-08-10 20:34:53,795 - xe_line2_ultra alter robot state to stop
2020-08-10 20:35:02,321 - xe_line2_ultra alter robot state to ota_check
2020-08-10 20:35:17,744 - xe_line2_ultra alter robot state to stop
2020-08-10 20:37:14,372 - param initialize
2020-08-10 20:37:14,398 - server initialize
2020-08-10 20:37:14,410 - timer initialize
2020-08-10 20:37:14,412 - mysql initialize
2020-08-10 20:37:16,819 - a new connection from 10.0.0.15
2020-08-10 20:37:16,870 - xe_line2_ultra alter robot state to check
2020-08-10 20:37:26,183 - xe_line2_ultra alter robot state to stop
2020-08-10 20:37:28,930 - xe_line2_ultra alter robot state to ota_check
2020-08-10 20:37:31,664 - xe_line2_ultra alter robot state to monitor_check
2020-08-10 20:37:44,317 - xe_line2_ultra alter robot state to stop
2020-08-10 20:37:45,261 - xe_line2_ultra alter robot state to ota_check
2020-08-10 20:37:49,217 - xe_line2_ultra alter robot state to monitor_check
2020-08-10 20:38:03,676 - xe_line2_ultra alter robot state to stop
2020-08-10 20:38:56,158 - param initialize
2020-08-10 20:38:56,181 - server initialize
2020-08-10 20:38:56,189 - timer initialize
2020-08-10 20:38:56,195 - mysql initialize
2020-08-10 20:38:57,745 - a new connection from 10.0.0.15
2020-08-10 20:38:57,787 - xe_line2_ultra alter robot state to check
2020-08-10 20:39:10,735 - xe_line2_ultra alter robot state to stop
2020-08-10 20:39:54,190 - param initialize
2020-08-10 20:39:54,212 - server initialize
2020-08-10 20:39:54,221 - timer initialize
2020-08-10 20:39:54,222 - mysql initialize
2020-08-10 20:39:55,221 - a new connection from 10.0.0.15
2020-08-10 20:39:55,268 - xe_line2_ultra alter robot state to check
2020-08-10 20:40:02,552 - xe_line2_ultra alter robot state to stop
2020-08-10 20:40:43,175 - param initialize
2020-08-10 20:40:43,196 - server initialize
2020-08-10 20:40:43,204 - timer initialize
2020-08-10 20:40:43,205 - mysql initialize
2020-08-10 20:40:44,621 - a new connection from 10.0.0.15
2020-08-10 20:40:44,668 - xe_line2_ultra alter robot state to check
2020-08-10 20:40:49,184 - xe_line2_ultra alter robot state to stop
2020-08-10 20:40:50,416 - xe_line2_ultra alter robot state to ota_check
2020-08-10 20:41:29,207 - param initialize
2020-08-10 20:41:29,230 - server initialize
2020-08-10 20:41:29,238 - timer initialize
2020-08-10 20:41:29,239 - mysql initialize
2020-08-10 20:41:30,492 - a new connection from 10.0.0.15
2020-08-10 20:41:30,526 - xe_line2_ultra alter robot state to check
2020-08-10 20:41:33,571 - xe_line2_ultra alter robot state to ota_check
2020-08-10 20:41:41,462 - xe_line2_ultra alter robot state to monitor_check
2020-08-10 20:41:44,489 - xe_line2_ultra alter robot state to stop
2020-08-10 20:41:51,752 - xe_line2_ultra alter robot state to ota_check
2020-08-10 20:42:18,551 - xe_line2_ultra alter robot state to monitor_check
2020-08-10 20:42:21,617 - xe_line2_ultra alter robot state to stop
2020-08-10 20:43:48,882 - xe_line2_ultra alter robot state to ota_check
2020-08-10 20:43:58,839 - xe_line2_ultra alter robot state to monitor_check
2020-08-10 20:44:03,702 - xe_line2_ultra alter robot state to stop
2020-08-10 20:44:06,119 - xe_line2_ultra alter robot state to monitor_check
2020-08-10 20:44:19,057 - xe_line2_ultra alter robot state to stop
2020-08-10 20:57:40,048 - param initialize
2020-08-10 20:57:40,068 - server initialize
2020-08-10 20:57:40,076 - timer initialize
2020-08-10 20:57:40,077 - mysql initialize
2020-08-10 20:57:41,034 - a new connection from 10.0.0.15
2020-08-10 20:57:41,074 - xe_line2_ultra alter robot state to check
2020-08-10 20:57:44,120 - xe_line2_ultra alter robot state to stop
2020-08-10 20:57:49,297 - xe_line2_ultra alter robot state to ota_check
2020-08-10 20:57:52,645 - xe_line2_ultra alter robot state to monitor_check
2020-08-10 20:58:02,897 - xe_line2_ultra alter robot state to stop
2020-08-10 20:58:07,174 - xe_line2_ultra alter robot state to ota_check
2020-08-10 20:58:20,446 - xe_line2_ultra alter robot state to monitor_check
2020-08-10 20:58:31,576 - xe_line2_ultra alter robot state to stop
2020-08-10 20:58:55,708 - xe_line2_ultra alter robot state to ota_check
2020-08-10 20:59:15,220 - a new connection from 10.0.0.15
2020-08-10 20:59:15,275 - xe_line2_ultra alter robot state to check
2020-08-10 20:59:18,303 - xe_line2_ultra alter robot state to stop
2020-08-10 21:02:03,691 - a new connection from 10.0.0.17
2020-08-10 21:02:03,721 - xe_line3_ultra alter robot state to check
2020-08-10 21:02:06,747 - xe_line3_ultra alter robot state to stop
2020-08-10 21:02:45,143 - param initialize
2020-08-10 21:02:45,161 - server initialize
2020-08-10 21:02:45,170 - timer initialize
2020-08-10 21:02:45,171 - mysql initialize
2020-08-10 21:02:47,591 - a new connection from 10.0.0.17
2020-08-10 21:02:47,646 - xe_line3_ultra alter robot state to check
2020-08-10 21:02:47,669 - a new connection from 10.0.0.15
2020-08-10 21:02:47,704 - xe_line2_ultra alter robot state to check
2020-08-10 21:02:58,475 - xe_line3_ultra alter robot state to stop
2020-08-10 21:02:58,844 - xe_line2_ultra alter robot state to stop
2020-08-10 21:02:59,790 - xe_line2_ultra alter robot state to ota_check
2020-08-10 21:03:23,883 - a new connection from 10.0.0.15
2020-08-10 21:03:23,930 - xe_line2_ultra alter robot state to check
2020-08-10 21:03:26,976 - xe_line2_ultra alter robot state to stop
2020-08-10 21:03:51,738 - xe_line2_ultra alter robot state to ota_check
2020-08-10 21:03:51,831 - xe_line3_ultra alter robot state to ota_check
2020-08-10 21:04:06,611 - a new connection from 10.0.0.17
2020-08-10 21:04:06,677 - xe_line3_ultra alter robot state to check
2020-08-10 21:04:09,680 - xe_line3_ultra alter robot state to stop
2020-08-10 21:04:10,173 - a new connection from 10.0.0.15
2020-08-10 21:04:10,225 - xe_line2_ultra alter robot state to check
2020-08-10 21:04:13,247 - xe_line2_ultra alter robot state to stop
2020-08-10 21:04:16,041 - xe_line3_ultra alter robot state to ota_check
2020-08-10 21:17:06,490 - xe_line3_ultra alter robot state to monitor_check
2020-08-10 21:17:09,655 - xe_line3_ultra alter robot state to stop
2020-08-10 21:17:18,542 - xe_line3_ultra alter robot state to ota_check
2020-08-10 21:17:50,044 - a new connection from 10.0.0.17
2020-08-10 21:17:50,055 - xe_line3_ultra alter robot state to check
2020-08-10 21:17:53,390 - xe_line3_ultra alter robot state to stop
2020-08-10 21:17:59,679 - xe_line3_ultra alter robot state to ota_check
2020-08-10 21:17:59,718 - xe_line2_ultra alter robot state to ota_check
2020-08-10 21:18:05,704 - xe_line3_ultra alter robot state to monitor_check
2020-08-10 21:18:05,940 - xe_line2_ultra alter robot state to monitor_check
2020-08-10 21:18:15,354 - xe_line3_ultra alter robot state to stop
2020-08-10 21:18:18,567 - xe_line2_ultra alter robot state to stop
2020-08-10 21:19:09,685 - param initialize
2020-08-10 21:19:09,703 - server initialize
2020-08-10 21:19:09,712 - timer initialize
2020-08-10 21:19:09,714 - mysql initialize
2020-08-10 21:19:12,410 - a new connection from 10.0.0.17
2020-08-10 21:19:12,448 - xe_line3_ultra alter robot state to check
2020-08-10 21:19:12,557 - a new connection from 10.0.0.15
2020-08-10 21:19:12,622 - xe_line2_ultra alter robot state to check
2020-08-10 21:19:22,921 - xe_line3_ultra alter robot state to stop
2020-08-10 21:19:26,270 - xe_line2_ultra alter robot state to stop
2020-08-10 21:19:35,540 - xe_line2_ultra alter robot state to ota_check
2020-08-10 21:19:35,756 - xe_line3_ultra alter robot state to ota_check
2020-08-10 21:19:48,039 - param initialize
2020-08-10 21:19:48,056 - server initialize
2020-08-10 21:19:48,065 - timer initialize
2020-08-10 21:19:48,066 - mysql initialize
2020-08-10 21:19:50,240 - a new connection from 10.0.0.17
2020-08-10 21:19:50,243 - a new connection from 10.0.0.15
2020-08-10 21:19:50,254 - xe_line2_ultra alter robot state to check
2020-08-10 21:19:50,259 - xe_line3_ultra alter robot state to check
2020-08-10 21:19:55,676 - xe_line2_ultra alter robot state to ota_check
2020-08-10 21:19:55,733 - xe_line3_ultra alter robot state to ota_check
2020-08-10 21:20:05,620 - xe_line2_ultra alter robot state to monitor_check
2020-08-10 21:20:08,924 - xe_line2_ultra alter robot state to stop
2020-08-10 21:20:24,703 - param initialize
2020-08-10 21:20:24,721 - server initialize
2020-08-10 21:20:24,730 - timer initialize
2020-08-10 21:20:24,732 - mysql initialize
2020-08-10 21:20:27,134 - a new connection from 10.0.0.17
2020-08-10 21:20:27,139 - a new connection from 10.0.0.15
2020-08-10 21:20:27,181 - xe_line3_ultra alter robot state to check
2020-08-10 21:20:27,218 - xe_line2_ultra alter robot state to check
2020-08-10 21:20:30,805 - xe_line3_ultra alter robot state to ota_check
2020-08-10 21:20:30,837 - xe_line2_ultra alter robot state to stop
2020-08-10 21:20:40,409 - xe_line3_ultra alter robot state to monitor_check
2020-08-10 21:20:43,687 - xe_line3_ultra alter robot state to stop
2020-08-10 21:20:47,161 - xe_line3_ultra alter robot state to ota_check
2020-08-10 21:20:47,370 - xe_line2_ultra alter robot state to ota_check
2020-08-10 21:21:19,503 - param initialize
2020-08-10 21:21:19,521 - server initialize
2020-08-10 21:21:19,530 - timer initialize
2020-08-10 21:21:19,533 - mysql initialize
2020-08-10 21:21:20,005 - a new connection from 10.0.0.15
2020-08-10 21:21:20,020 - xe_line2_ultra alter robot state to check
2020-08-10 21:21:20,119 - a new connection from 10.0.0.17
2020-08-10 21:21:20,168 - xe_line3_ultra alter robot state to check
2020-08-10 21:21:23,500 - xe_line3_ultra alter robot state to ota_check
2020-08-10 21:21:23,676 - xe_line2_ultra alter robot state to ota_check
