2020-07-08 15:24:12,599 - param initialize
2020-07-08 15:24:12,622 - server initialize
2020-07-08 15:24:12,637 - timer initialize
2020-07-08 15:24:12,646 - mysql connection initialize
2020-07-08 15:24:12,677 - Can't connect to mysql server
2020-07-08 15:25:19,935 - param initialize
2020-07-08 15:25:19,969 - server initialize
2020-07-08 15:25:19,991 - timer initialize
2020-07-08 15:25:20,003 - mysql connection initialize
2020-07-08 15:25:20,029 - Can't connect to mysql server
2020-07-08 17:53:47,447 - param initialize
2020-07-08 17:53:47,457 - server initialize
2020-07-08 17:53:47,468 - timer initialize
2020-07-08 17:53:47,470 - mysql connection initialize
2020-07-08 17:53:47,480 - Can't connect to mysql server
2020-07-08 17:54:13,061 - param initialize
2020-07-08 17:54:13,070 - server initialize
2020-07-08 17:54:13,080 - timer initialize
2020-07-08 17:54:13,081 - mysql connection initialize
2020-07-08 17:54:13,090 - Can't connect to mysql server
2020-07-08 18:16:14,379 - param initialize
2020-07-08 18:16:14,388 - server initialize
2020-07-08 18:16:14,398 - timer initialize
2020-07-08 18:16:14,398 - mysql connection initialize
2020-07-08 18:16:14,413 - Can't connect to mysql server
2020-07-08 18:17:06,711 - param initialize
2020-07-08 18:17:06,720 - server initialize
2020-07-08 18:17:06,734 - timer initialize
2020-07-08 18:17:06,735 - mysql connection initialize
2020-07-08 18:17:26,530 - param initialize
2020-07-08 18:17:26,539 - server initialize
2020-07-08 18:17:26,550 - timer initialize
2020-07-08 18:17:26,550 - mysql connection initialize
2020-07-08 18:18:10,249 - param initialize
2020-07-08 18:18:10,258 - server initialize
2020-07-08 18:18:10,267 - timer initialize
2020-07-08 18:18:10,268 - mysql connection initialize
2020-07-08 18:18:10,291 - save log to mysql server error!
2020-07-08 18:19:49,088 - param initialize
2020-07-08 18:19:49,101 - server initialize
2020-07-08 18:19:49,109 - timer initialize
2020-07-08 18:19:49,113 - mysql connection initialize
2020-07-08 18:19:49,136 - save log to mysql server error!
2020-07-08 18:20:13,294 - param initialize
2020-07-08 18:20:13,303 - server initialize
2020-07-08 18:20:13,315 - timer initialize
2020-07-08 18:20:13,316 - mysql connection initialize
2020-07-08 18:20:13,358 - save log to mysql server error!
2020-07-08 18:20:48,314 - param initialize
2020-07-08 18:20:48,323 - server initialize
2020-07-08 18:20:48,333 - timer initialize
2020-07-08 18:20:48,334 - mysql connection initialize
2020-07-08 18:20:48,361 - save log to mysql server error!
2020-07-08 18:21:09,949 - param initialize
2020-07-08 18:21:09,959 - server initialize
2020-07-08 18:21:09,967 - timer initialize
2020-07-08 18:21:09,968 - mysql connection initialize
2020-07-08 18:29:37,663 - param initialize
2020-07-08 18:29:37,672 - server initialize
2020-07-08 18:29:37,682 - timer initialize
2020-07-08 18:29:37,682 - mysql initialize
2020-07-08 18:30:15,235 - param initialize
2020-07-08 18:30:15,245 - server initialize
2020-07-08 18:30:15,252 - timer initialize
2020-07-08 18:30:15,253 - mysql initialize
2020-07-08 18:32:33,653 - param initialize
2020-07-08 18:32:33,667 - server initialize
2020-07-08 18:32:33,675 - timer initialize
2020-07-08 18:32:33,678 - mysql initialize
2020-07-08 18:52:01,248 - param initialize
2020-07-08 18:52:01,262 - server initialize
2020-07-08 18:52:01,270 - timer initialize
2020-07-08 18:52:01,282 - mysql initialize
2020-07-08 18:54:54,267 - param initialize
2020-07-08 18:54:54,276 - server initialize
2020-07-08 18:54:54,284 - timer initialize
2020-07-08 18:54:54,285 - mysql initialize
2020-07-08 20:55:12,442 - param initialize
2020-07-08 20:55:12,450 - server initialize
2020-07-08 20:55:12,464 - timer initialize
2020-07-08 20:55:12,466 - mysql initialize
2020-07-08 20:55:22,527 - save log to mysql server error!test test
2020-07-08 20:55:22,551 - Can't connect to mysql server
